{"C:\\Users\\npike\\Desktop\\All\\University\\Assignment Final Drafts\\Leave-Booking-API-OOP\\src\\data-source.ts": {"path":"C:\\Users\\npike\\Desktop\\All\\University\\Assignment Final Drafts\\Leave-Booking-API-OOP\\src\\data-source.ts","statementMap":{"0":{"start":{"line":1,"column":0},"end":{"line":1,"column":26}},"1":{"start":{"line":2,"column":0},"end":{"line":2,"column":37}},"2":{"start":{"line":3,"column":0},"end":{"line":3,"column":37}},"3":{"start":{"line":4,"column":0},"end":{"line":4,"column":37}},"4":{"start":{"line":5,"column":0},"end":{"line":5,"column":33}},"5":{"start":{"line":6,"column":0},"end":{"line":6,"column":53}},"6":{"start":{"line":8,"column":16},"end":{"line":8,"column":63}},"7":{"start":{"line":9,"column":0},"end":{"line":9,"column":33}},"8":{"start":{"line":11,"column":13},"end":{"line":21,"column":3}}},"fnMap":{},"branchMap":{"0":{"loc":{"start":{"line":8,"column":24},"end":{"line":8,"column":61}},"type":"binary-expr","locations":[{"start":{"line":8,"column":24},"end":{"line":8,"column":44}},{"start":{"line":8,"column":48},"end":{"line":8,"column":61}}]}},"s":{"0":3,"1":3,"2":3,"3":3,"4":3,"5":3,"6":3,"7":3,"8":3},"f":{},"b":{"0":[3,0]}}
,"C:\\Users\\npike\\Desktop\\All\\University\\Assignment Final Drafts\\Leave-Booking-API-OOP\\src\\controllers\\BaseController.ts": {"path":"C:\\Users\\npike\\Desktop\\All\\University\\Assignment Final Drafts\\Leave-Booking-API-OOP\\src\\controllers\\BaseController.ts","statementMap":{"0":{"start":{"line":2,"column":0},"end":{"line":2,"column":48}},"1":{"start":{"line":3,"column":0},"end":{"line":3,"column":60}},"2":{"start":{"line":5,"column":0},"end":{"line":5,"column":13}},"3":{"start":{"line":6,"column":12},"end":{"line":8,"column":null}},"4":{"start":{"line":6,"column":51},"end":{"line":6,"column":null}},"5":{"start":{"line":7,"column":4},"end":{"line":7,"column":89}},"6":{"start":{"line":9,"column":0},"end":{"line":9,"column":null}},"7":{"start":{"line":5,"column":13},"end":{"line":5,"column":27}}},"fnMap":{"0":{"name":"(anonymous_0)","decl":{"start":{"line":5,"column":0},"end":{"line":5,"column":13}},"loc":{"start":{"line":5,"column":0},"end":{"line":9,"column":null}}},"1":{"name":"(anonymous_2)","decl":{"start":{"line":6,"column":2},"end":{"line":6,"column":12}},"loc":{"start":{"line":6,"column":83},"end":{"line":8,"column":3}}}},"branchMap":{"0":{"loc":{"start":{"line":6,"column":51},"end":{"line":6,"column":null}},"type":"if","locations":[{"start":{"line":6,"column":51},"end":{"line":6,"column":null}}]},"1":{"loc":{"start":{"line":7,"column":51},"end":{"line":7,"column":87}},"type":"binary-expr","locations":[{"start":{"line":7,"column":51},"end":{"line":7,"column":64}},{"start":{"line":7,"column":68},"end":{"line":7,"column":87}}]}},"s":{"0":3,"1":3,"2":3,"3":3,"4":44,"5":22,"6":3,"7":3},"f":{"0":42,"1":22},"b":{"0":[22],"1":[22,0]}}
,"C:\\Users\\npike\\Desktop\\All\\University\\Assignment Final Drafts\\Leave-Booking-API-OOP\\src\\controllers\\LeaveController.ts": {"path":"C:\\Users\\npike\\Desktop\\All\\University\\Assignment Final Drafts\\Leave-Booking-API-OOP\\src\\controllers\\LeaveController.ts","statementMap":{"0":{"start":{"line":2,"column":0},"end":{"line":2,"column":47}},"1":{"start":{"line":3,"column":0},"end":{"line":3,"column":54}},"2":{"start":{"line":4,"column":0},"end":{"line":4,"column":41}},"3":{"start":{"line":5,"column":0},"end":{"line":5,"column":60}},"4":{"start":{"line":6,"column":0},"end":{"line":6,"column":48}},"5":{"start":{"line":7,"column":0},"end":{"line":7,"column":38}},"6":{"start":{"line":8,"column":0},"end":{"line":8,"column":52}},"7":{"start":{"line":9,"column":0},"end":{"line":9,"column":50}},"8":{"start":{"line":10,"column":0},"end":{"line":10,"column":50}},"9":{"start":{"line":15,"column":21},"end":{"line":15,"column":70}},"10":{"start":{"line":16,"column":4},"end":{"line":16,"column":59}},"11":{"start":{"line":19,"column":0},"end":{"line":19,"column":null}},"12":{"start":{"line":19,"column":37},"end":{"line":19,"column":51}},"13":{"start":{"line":23,"column":4},"end":{"line":23,"column":12}},"14":{"start":{"line":27,"column":7},"end":{"line":47,"column":2}},"15":{"start":{"line":27,"column":56},"end":{"line":47,"column":2}},"16":{"start":{"line":29,"column":12},"end":{"line":29,"column":45}},"17":{"start":{"line":32,"column":4},"end":{"line":32,"column":50}},"18":{"start":{"line":34,"column":21},"end":{"line":34,"column":null}},"19":{"start":{"line":34,"column":12},"end":{"line":34,"column":null}},"20":{"start":{"line":35,"column":12},"end":{"line":35,"column":46}},"21":{"start":{"line":36,"column":6},"end":{"line":36,"column":51}},"22":{"start":{"line":37,"column":6},"end":{"line":37,"column":47}},"23":{"start":{"line":38,"column":6},"end":{"line":38,"column":41}},"24":{"start":{"line":39,"column":6},"end":{"line":39,"column":33}},"25":{"start":{"line":41,"column":32},"end":{"line":41,"column":null}},"26":{"start":{"line":41,"column":12},"end":{"line":41,"column":null}},"27":{"start":{"line":43,"column":6},"end":{"line":43,"column":87}},"28":{"start":{"line":45,"column":6},"end":{"line":45,"column":35}},"29":{"start":{"line":48,"column":7},"end":{"line":111,"column":2}},"30":{"start":{"line":48,"column":56},"end":{"line":111,"column":2}},"31":{"start":{"line":50,"column":23},"end":{"line":50,"column":null}},"32":{"start":{"line":50,"column":14},"end":{"line":50,"column":null}},"33":{"start":{"line":54,"column":8},"end":{"line":54,"column":46}},"34":{"start":{"line":56,"column":20},"end":{"line":56,"column":27}},"35":{"start":{"line":57,"column":12},"end":{"line":60,"column":13}},"36":{"start":{"line":59,"column":16},"end":{"line":59,"column":83}},"37":{"start":{"line":62,"column":33},"end":{"line":66,"column":null}},"38":{"start":{"line":62,"column":18},"end":{"line":66,"column":null}},"39":{"start":{"line":68,"column":12},"end":{"line":71,"column":13}},"40":{"start":{"line":70,"column":16},"end":{"line":70,"column":81}},"41":{"start":{"line":73,"column":26},"end":{"line":75,"column":null}},"42":{"start":{"line":73,"column":18},"end":{"line":75,"column":null}},"43":{"start":{"line":77,"column":18},"end":{"line":77,"column":92}},"44":{"start":{"line":77,"column":58},"end":{"line":77,"column":91}},"45":{"start":{"line":79,"column":12},"end":{"line":81,"column":13}},"46":{"start":{"line":80,"column":16},"end":{"line":80,"column":112}},"47":{"start":{"line":85,"column":8},"end":{"line":85,"column":41}},"48":{"start":{"line":87,"column":14},"end":{"line":87,"column":55}},"49":{"start":{"line":88,"column":14},"end":{"line":88,"column":51}},"50":{"start":{"line":89,"column":14},"end":{"line":89,"column":59}},"51":{"start":{"line":92,"column":9},"end":{"line":94,"column":9}},"52":{"start":{"line":93,"column":12},"end":{"line":93,"column":87}},"53":{"start":{"line":96,"column":8},"end":{"line":96,"column":50}},"54":{"start":{"line":98,"column":36},"end":{"line":98,"column":null}},"55":{"start":{"line":98,"column":14},"end":{"line":98,"column":null}},"56":{"start":{"line":102,"column":8},"end":{"line":107,"column":11}},"57":{"start":{"line":109,"column":6},"end":{"line":109,"column":35}},"58":{"start":{"line":112,"column":7},"end":{"line":150,"column":2}},"59":{"start":{"line":112,"column":55},"end":{"line":150,"column":2}},"60":{"start":{"line":115,"column":8},"end":{"line":115,"column":46}},"61":{"start":{"line":117,"column":16},"end":{"line":117,"column":23}},"62":{"start":{"line":118,"column":8},"end":{"line":120,"column":9}},"63":{"start":{"line":119,"column":12},"end":{"line":119,"column":79}},"64":{"start":{"line":122,"column":29},"end":{"line":126,"column":null}},"65":{"start":{"line":122,"column":14},"end":{"line":126,"column":null}},"66":{"start":{"line":128,"column":8},"end":{"line":130,"column":9}},"67":{"start":{"line":129,"column":12},"end":{"line":129,"column":77}},"68":{"start":{"line":132,"column":8},"end":{"line":132,"column":41}},"69":{"start":{"line":138,"column":36},"end":{"line":138,"column":null}},"70":{"start":{"line":138,"column":14},"end":{"line":138,"column":null}},"71":{"start":{"line":141,"column":8},"end":{"line":146,"column":11}},"72":{"start":{"line":148,"column":6},"end":{"line":148,"column":35}},"73":{"start":{"line":151,"column":7},"end":{"line":219,"column":2}},"74":{"start":{"line":151,"column":63},"end":{"line":219,"column":2}},"75":{"start":{"line":153,"column":23},"end":{"line":153,"column":null}},"76":{"start":{"line":153,"column":14},"end":{"line":153,"column":null}},"77":{"start":{"line":157,"column":12},"end":{"line":157,"column":15}},"78":{"start":{"line":159,"column":30},"end":{"line":161,"column":null}},"79":{"start":{"line":159,"column":14},"end":{"line":161,"column":null}},"80":{"start":{"line":163,"column":8},"end":{"line":165,"column":9}},"81":{"start":{"line":164,"column":12},"end":{"line":164,"column":79}},"82":{"start":{"line":167,"column":8},"end":{"line":170,"column":11}},"83":{"start":{"line":171,"column":15},"end":{"line":171,"column":18}},"84":{"start":{"line":173,"column":30},"end":{"line":182,"column":null}},"85":{"start":{"line":173,"column":14},"end":{"line":182,"column":null}},"86":{"start":{"line":183,"column":8},"end":{"line":185,"column":9}},"87":{"start":{"line":184,"column":12},"end":{"line":184,"column":79}},"88":{"start":{"line":186,"column":8},"end":{"line":189,"column":11}},"89":{"start":{"line":190,"column":15},"end":{"line":190,"column":18}},"90":{"start":{"line":193,"column":30},"end":{"line":200,"column":null}},"91":{"start":{"line":193,"column":14},"end":{"line":200,"column":null}},"92":{"start":{"line":204,"column":8},"end":{"line":206,"column":9}},"93":{"start":{"line":205,"column":12},"end":{"line":205,"column":79}},"94":{"start":{"line":207,"column":8},"end":{"line":210,"column":11}},"95":{"start":{"line":217,"column":6},"end":{"line":217,"column":35}},"96":{"start":{"line":220,"column":7},"end":{"line":262,"column":2}},"97":{"start":{"line":220,"column":55},"end":{"line":262,"column":2}},"98":{"start":{"line":222,"column":16},"end":{"line":222,"column":23}},"99":{"start":{"line":223,"column":8},"end":{"line":225,"column":9}},"100":{"start":{"line":224,"column":12},"end":{"line":224,"column":79}},"101":{"start":{"line":228,"column":29},"end":{"line":232,"column":null}},"102":{"start":{"line":228,"column":14},"end":{"line":232,"column":null}},"103":{"start":{"line":234,"column":8},"end":{"line":236,"column":9}},"104":{"start":{"line":235,"column":12},"end":{"line":235,"column":77}},"105":{"start":{"line":238,"column":23},"end":{"line":238,"column":null}},"106":{"start":{"line":238,"column":14},"end":{"line":238,"column":null}},"107":{"start":{"line":241,"column":8},"end":{"line":243,"column":108}},"108":{"start":{"line":243,"column":12},"end":{"line":243,"column":107}},"109":{"start":{"line":246,"column":8},"end":{"line":246,"column":42}},"110":{"start":{"line":248,"column":36},"end":{"line":248,"column":null}},"111":{"start":{"line":248,"column":14},"end":{"line":248,"column":null}},"112":{"start":{"line":249,"column":8},"end":{"line":254,"column":11}},"113":{"start":{"line":260,"column":6},"end":{"line":260,"column":35}},"114":{"start":{"line":263,"column":7},"end":{"line":293,"column":2}},"115":{"start":{"line":263,"column":54},"end":{"line":293,"column":2}},"116":{"start":{"line":265,"column":8},"end":{"line":267,"column":9}},"117":{"start":{"line":266,"column":12},"end":{"line":266,"column":101}},"118":{"start":{"line":268,"column":16},"end":{"line":268,"column":27}},"119":{"start":{"line":269,"column":16},"end":{"line":269,"column":23}},"120":{"start":{"line":270,"column":8},"end":{"line":272,"column":9}},"121":{"start":{"line":271,"column":12},"end":{"line":271,"column":89}},"122":{"start":{"line":273,"column":21},"end":{"line":275,"column":null}},"123":{"start":{"line":273,"column":14},"end":{"line":275,"column":null}},"124":{"start":{"line":276,"column":8},"end":{"line":278,"column":9}},"125":{"start":{"line":277,"column":12},"end":{"line":277,"column":67}},"126":{"start":{"line":280,"column":8},"end":{"line":280,"column":34}},"127":{"start":{"line":281,"column":28},"end":{"line":281,"column":null}},"128":{"start":{"line":281,"column":14},"end":{"line":281,"column":null}},"129":{"start":{"line":283,"column":8},"end":{"line":288,"column":11}},"130":{"start":{"line":291,"column":6},"end":{"line":291,"column":35}},"131":{"start":{"line":294,"column":7},"end":{"line":331,"column":2}},"132":{"start":{"line":294,"column":69},"end":{"line":331,"column":2}},"133":{"start":{"line":297,"column":8},"end":{"line":299,"column":9}},"134":{"start":{"line":298,"column":12},"end":{"line":298,"column":113}},"135":{"start":{"line":300,"column":16},"end":{"line":300,"column":23}},"136":{"start":{"line":302,"column":8},"end":{"line":304,"column":9}},"137":{"start":{"line":303,"column":12},"end":{"line":303,"column":70}},"138":{"start":{"line":306,"column":21},"end":{"line":308,"column":null}},"139":{"start":{"line":306,"column":14},"end":{"line":308,"column":null}},"140":{"start":{"line":310,"column":8},"end":{"line":312,"column":9}},"141":{"start":{"line":311,"column":12},"end":{"line":311,"column":67}},"142":{"start":{"line":314,"column":30},"end":{"line":317,"column":null}},"143":{"start":{"line":314,"column":14},"end":{"line":317,"column":null}},"144":{"start":{"line":318,"column":8},"end":{"line":320,"column":9}},"145":{"start":{"line":319,"column":12},"end":{"line":319,"column":79}},"146":{"start":{"line":321,"column":8},"end":{"line":324,"column":11}},"147":{"start":{"line":329,"column":6},"end":{"line":329,"column":35}},"148":{"start":{"line":332,"column":7},"end":{"line":377,"column":2}},"149":{"start":{"line":332,"column":69},"end":{"line":377,"column":2}},"150":{"start":{"line":334,"column":8},"end":{"line":336,"column":9}},"151":{"start":{"line":335,"column":12},"end":{"line":335,"column":113}},"152":{"start":{"line":337,"column":16},"end":{"line":337,"column":23}},"153":{"start":{"line":339,"column":8},"end":{"line":341,"column":9}},"154":{"start":{"line":340,"column":12},"end":{"line":340,"column":70}},"155":{"start":{"line":343,"column":21},"end":{"line":345,"column":null}},"156":{"start":{"line":343,"column":14},"end":{"line":345,"column":null}},"157":{"start":{"line":347,"column":8},"end":{"line":349,"column":9}},"158":{"start":{"line":348,"column":12},"end":{"line":348,"column":67}},"159":{"start":{"line":351,"column":22},"end":{"line":353,"column":null}},"160":{"start":{"line":351,"column":14},"end":{"line":353,"column":null}},"161":{"start":{"line":354,"column":8},"end":{"line":356,"column":9}},"162":{"start":{"line":355,"column":12},"end":{"line":355,"column":70}},"163":{"start":{"line":359,"column":30},"end":{"line":362,"column":null}},"164":{"start":{"line":360,"column":48},"end":{"line":360,"column":56}},"165":{"start":{"line":359,"column":14},"end":{"line":362,"column":null}},"166":{"start":{"line":364,"column":8},"end":{"line":366,"column":9}},"167":{"start":{"line":365,"column":12},"end":{"line":365,"column":79}},"168":{"start":{"line":367,"column":8},"end":{"line":370,"column":11}},"169":{"start":{"line":375,"column":6},"end":{"line":375,"column":35}},"170":{"start":{"line":378,"column":7},"end":{"line":399,"column":2}},"171":{"start":{"line":378,"column":59},"end":{"line":399,"column":2}},"172":{"start":{"line":380,"column":8},"end":{"line":382,"column":9}},"173":{"start":{"line":381,"column":12},"end":{"line":381,"column":113}},"174":{"start":{"line":384,"column":30},"end":{"line":387,"column":null}},"175":{"start":{"line":384,"column":14},"end":{"line":387,"column":null}},"176":{"start":{"line":388,"column":8},"end":{"line":390,"column":9}},"177":{"start":{"line":389,"column":12},"end":{"line":389,"column":87}},"178":{"start":{"line":391,"column":8},"end":{"line":394,"column":11}},"179":{"start":{"line":397,"column":6},"end":{"line":397,"column":35}},"180":{"start":{"line":400,"column":7},"end":{"line":425,"column":2}},"181":{"start":{"line":400,"column":54},"end":{"line":425,"column":2}},"182":{"start":{"line":402,"column":23},"end":{"line":402,"column":null}},"183":{"start":{"line":402,"column":14},"end":{"line":402,"column":null}},"184":{"start":{"line":405,"column":30},"end":{"line":412,"column":null}},"185":{"start":{"line":405,"column":14},"end":{"line":412,"column":null}},"186":{"start":{"line":414,"column":8},"end":{"line":416,"column":9}},"187":{"start":{"line":415,"column":12},"end":{"line":415,"column":79}},"188":{"start":{"line":417,"column":8},"end":{"line":420,"column":11}},"189":{"start":{"line":423,"column":6},"end":{"line":423,"column":35}},"190":{"start":{"line":24,"column":4},"end":{"line":24,"column":69}},"191":{"start":{"line":431,"column":0},"end":{"line":431,"column":null}},"192":{"start":{"line":19,"column":13},"end":{"line":19,"column":28}}},"fnMap":{"0":{"name":"calculateNumberOfDays","decl":{"start":{"line":14,"column":9},"end":{"line":14,"column":30}},"loc":{"start":{"line":14,"column":61},"end":{"line":17,"column":1}}},"1":{"name":"(anonymous_20)","decl":{"start":{"line":19,"column":0},"end":{"line":19,"column":13}},"loc":{"start":{"line":19,"column":0},"end":{"line":431,"column":null}}},"2":{"name":"LeaveController","decl":{"start":{"line":22,"column":2},"end":{"line":22,"column":null}},"loc":{"start":{"line":22,"column":2},"end":{"line":25,"column":3}}},"3":{"name":"(anonymous_22)","decl":{"start":{"line":27,"column":22},"end":{"line":27,"column":29}},"loc":{"start":{"line":27,"column":56},"end":{"line":47,"column":2}}},"4":{"name":"(anonymous_23)","decl":{"start":{"line":27,"column":56},"end":{"line":27,"column":null}},"loc":{"start":{"line":27,"column":56},"end":{"line":47,"column":2}}},"5":{"name":"(anonymous_25)","decl":{"start":{"line":48,"column":22},"end":{"line":48,"column":29}},"loc":{"start":{"line":48,"column":56},"end":{"line":111,"column":2}}},"6":{"name":"(anonymous_26)","decl":{"start":{"line":48,"column":56},"end":{"line":48,"column":null}},"loc":{"start":{"line":48,"column":56},"end":{"line":111,"column":2}}},"7":{"name":"(anonymous_28)","decl":{"start":{"line":77,"column":50},"end":{"line":77,"column":54}},"loc":{"start":{"line":77,"column":54},"end":{"line":77,"column":62}}},"8":{"name":"(anonymous_29)","decl":{"start":{"line":112,"column":21},"end":{"line":112,"column":28}},"loc":{"start":{"line":112,"column":55},"end":{"line":150,"column":2}}},"9":{"name":"(anonymous_30)","decl":{"start":{"line":112,"column":55},"end":{"line":112,"column":null}},"loc":{"start":{"line":112,"column":55},"end":{"line":150,"column":2}}},"10":{"name":"(anonymous_32)","decl":{"start":{"line":151,"column":29},"end":{"line":151,"column":36}},"loc":{"start":{"line":151,"column":63},"end":{"line":219,"column":2}}},"11":{"name":"(anonymous_33)","decl":{"start":{"line":151,"column":63},"end":{"line":151,"column":null}},"loc":{"start":{"line":151,"column":63},"end":{"line":219,"column":2}}},"12":{"name":"(anonymous_35)","decl":{"start":{"line":220,"column":21},"end":{"line":220,"column":28}},"loc":{"start":{"line":220,"column":55},"end":{"line":262,"column":2}}},"13":{"name":"(anonymous_36)","decl":{"start":{"line":220,"column":55},"end":{"line":220,"column":null}},"loc":{"start":{"line":220,"column":55},"end":{"line":262,"column":2}}},"14":{"name":"(anonymous_38)","decl":{"start":{"line":263,"column":20},"end":{"line":263,"column":27}},"loc":{"start":{"line":263,"column":54},"end":{"line":293,"column":2}}},"15":{"name":"(anonymous_39)","decl":{"start":{"line":263,"column":54},"end":{"line":263,"column":null}},"loc":{"start":{"line":263,"column":54},"end":{"line":293,"column":2}}},"16":{"name":"(anonymous_41)","decl":{"start":{"line":294,"column":35},"end":{"line":294,"column":42}},"loc":{"start":{"line":294,"column":69},"end":{"line":331,"column":2}}},"17":{"name":"(anonymous_42)","decl":{"start":{"line":294,"column":69},"end":{"line":294,"column":null}},"loc":{"start":{"line":294,"column":69},"end":{"line":331,"column":2}}},"18":{"name":"(anonymous_44)","decl":{"start":{"line":332,"column":35},"end":{"line":332,"column":42}},"loc":{"start":{"line":332,"column":69},"end":{"line":377,"column":2}}},"19":{"name":"(anonymous_45)","decl":{"start":{"line":332,"column":69},"end":{"line":332,"column":null}},"loc":{"start":{"line":332,"column":69},"end":{"line":377,"column":2}}},"20":{"name":"(anonymous_47)","decl":{"start":{"line":360,"column":40},"end":{"line":360,"column":44}},"loc":{"start":{"line":360,"column":44},"end":{"line":360,"column":52}}},"21":{"name":"(anonymous_48)","decl":{"start":{"line":378,"column":25},"end":{"line":378,"column":32}},"loc":{"start":{"line":378,"column":59},"end":{"line":399,"column":2}}},"22":{"name":"(anonymous_49)","decl":{"start":{"line":378,"column":59},"end":{"line":378,"column":null}},"loc":{"start":{"line":378,"column":59},"end":{"line":399,"column":2}}},"23":{"name":"(anonymous_51)","decl":{"start":{"line":400,"column":20},"end":{"line":400,"column":27}},"loc":{"start":{"line":400,"column":54},"end":{"line":425,"column":2}}},"24":{"name":"(anonymous_52)","decl":{"start":{"line":400,"column":54},"end":{"line":400,"column":null}},"loc":{"start":{"line":400,"column":54},"end":{"line":425,"column":2}}}},"branchMap":{"0":{"loc":{"start":{"line":23,"column":4},"end":{"line":23,"column":12}},"type":"binary-expr","locations":[{"start":{"line":23,"column":4},"end":{"line":23,"column":11}},{"start":{"line":23,"column":11},"end":{"line":23,"column":12}}]},"1":{"loc":{"start":{"line":38,"column":28},"end":{"line":38,"column":40}},"type":"binary-expr","locations":[{"start":{"line":38,"column":28},"end":{"line":38,"column":34}},{"start":{"line":38,"column":38},"end":{"line":38,"column":40}}]},"2":{"loc":{"start":{"line":57,"column":12},"end":{"line":60,"column":13}},"type":"if","locations":[{"start":{"line":57,"column":12},"end":{"line":60,"column":13}}]},"3":{"loc":{"start":{"line":68,"column":12},"end":{"line":71,"column":13}},"type":"if","locations":[{"start":{"line":68,"column":12},"end":{"line":71,"column":13}}]},"4":{"loc":{"start":{"line":79,"column":12},"end":{"line":81,"column":13}},"type":"if","locations":[{"start":{"line":79,"column":12},"end":{"line":81,"column":13}}]},"5":{"loc":{"start":{"line":79,"column":16},"end":{"line":79,"column":69}},"type":"binary-expr","locations":[{"start":{"line":79,"column":16},"end":{"line":79,"column":35}},{"start":{"line":79,"column":39},"end":{"line":79,"column":69}}]},"6":{"loc":{"start":{"line":92,"column":9},"end":{"line":94,"column":9}},"type":"if","locations":[{"start":{"line":92,"column":9},"end":{"line":94,"column":9}}]},"7":{"loc":{"start":{"line":118,"column":8},"end":{"line":120,"column":9}},"type":"if","locations":[{"start":{"line":118,"column":8},"end":{"line":120,"column":9}}]},"8":{"loc":{"start":{"line":128,"column":8},"end":{"line":130,"column":9}},"type":"if","locations":[{"start":{"line":128,"column":8},"end":{"line":130,"column":9}}]},"9":{"loc":{"start":{"line":157,"column":12},"end":{"line":157,"column":15}},"type":"if","locations":[{"start":{"line":157,"column":12},"end":{"line":157,"column":15}}]},"10":{"loc":{"start":{"line":163,"column":8},"end":{"line":165,"column":9}},"type":"if","locations":[{"start":{"line":163,"column":8},"end":{"line":165,"column":9}}]},"11":{"loc":{"start":{"line":171,"column":15},"end":{"line":171,"column":18}},"type":"if","locations":[{"start":{"line":171,"column":15},"end":{"line":171,"column":18}}]},"12":{"loc":{"start":{"line":183,"column":8},"end":{"line":185,"column":9}},"type":"if","locations":[{"start":{"line":183,"column":8},"end":{"line":185,"column":9}}]},"13":{"loc":{"start":{"line":190,"column":15},"end":{"line":190,"column":18}},"type":"if","locations":[{"start":{"line":190,"column":15},"end":{"line":190,"column":18}}]},"14":{"loc":{"start":{"line":204,"column":8},"end":{"line":206,"column":9}},"type":"if","locations":[{"start":{"line":204,"column":8},"end":{"line":206,"column":9}}]},"15":{"loc":{"start":{"line":223,"column":8},"end":{"line":225,"column":9}},"type":"if","locations":[{"start":{"line":223,"column":8},"end":{"line":225,"column":9}}]},"16":{"loc":{"start":{"line":234,"column":8},"end":{"line":236,"column":9}},"type":"if","locations":[{"start":{"line":234,"column":8},"end":{"line":236,"column":9}}]},"17":{"loc":{"start":{"line":241,"column":8},"end":{"line":243,"column":108}},"type":"if","locations":[{"start":{"line":241,"column":8},"end":{"line":243,"column":108}}]},"18":{"loc":{"start":{"line":241,"column":11},"end":{"line":241,"column":140}},"type":"binary-expr","locations":[{"start":{"line":241,"column":11},"end":{"line":241,"column":45}},{"start":{"line":241,"column":49},"end":{"line":241,"column":79}},{"start":{"line":241,"column":83},"end":{"line":241,"column":140}}]},"19":{"loc":{"start":{"line":265,"column":8},"end":{"line":267,"column":9}},"type":"if","locations":[{"start":{"line":265,"column":8},"end":{"line":267,"column":9}}]},"20":{"loc":{"start":{"line":270,"column":8},"end":{"line":272,"column":9}},"type":"if","locations":[{"start":{"line":270,"column":8},"end":{"line":272,"column":9}}]},"21":{"loc":{"start":{"line":270,"column":12},"end":{"line":270,"column":26}},"type":"binary-expr","locations":[{"start":{"line":270,"column":12},"end":{"line":270,"column":15}},{"start":{"line":270,"column":19},"end":{"line":270,"column":26}}]},"22":{"loc":{"start":{"line":276,"column":8},"end":{"line":278,"column":9}},"type":"if","locations":[{"start":{"line":276,"column":8},"end":{"line":278,"column":9}}]},"23":{"loc":{"start":{"line":297,"column":8},"end":{"line":299,"column":9}},"type":"if","locations":[{"start":{"line":297,"column":8},"end":{"line":299,"column":9}}]},"24":{"loc":{"start":{"line":302,"column":8},"end":{"line":304,"column":9}},"type":"if","locations":[{"start":{"line":302,"column":8},"end":{"line":304,"column":9}}]},"25":{"loc":{"start":{"line":302,"column":12},"end":{"line":302,"column":36}},"type":"binary-expr","locations":[{"start":{"line":302,"column":12},"end":{"line":302,"column":15}},{"start":{"line":302,"column":19},"end":{"line":302,"column":36}}]},"26":{"loc":{"start":{"line":310,"column":8},"end":{"line":312,"column":9}},"type":"if","locations":[{"start":{"line":310,"column":8},"end":{"line":312,"column":9}}]},"27":{"loc":{"start":{"line":318,"column":8},"end":{"line":320,"column":9}},"type":"if","locations":[{"start":{"line":318,"column":8},"end":{"line":320,"column":9}}]},"28":{"loc":{"start":{"line":334,"column":8},"end":{"line":336,"column":9}},"type":"if","locations":[{"start":{"line":334,"column":8},"end":{"line":336,"column":9}}]},"29":{"loc":{"start":{"line":339,"column":8},"end":{"line":341,"column":9}},"type":"if","locations":[{"start":{"line":339,"column":8},"end":{"line":341,"column":9}}]},"30":{"loc":{"start":{"line":339,"column":12},"end":{"line":339,"column":36}},"type":"binary-expr","locations":[{"start":{"line":339,"column":12},"end":{"line":339,"column":15}},{"start":{"line":339,"column":19},"end":{"line":339,"column":36}}]},"31":{"loc":{"start":{"line":347,"column":8},"end":{"line":349,"column":9}},"type":"if","locations":[{"start":{"line":347,"column":8},"end":{"line":349,"column":9}}]},"32":{"loc":{"start":{"line":354,"column":8},"end":{"line":356,"column":9}},"type":"if","locations":[{"start":{"line":354,"column":8},"end":{"line":356,"column":9}}]},"33":{"loc":{"start":{"line":364,"column":8},"end":{"line":366,"column":9}},"type":"if","locations":[{"start":{"line":364,"column":8},"end":{"line":366,"column":9}}]},"34":{"loc":{"start":{"line":380,"column":8},"end":{"line":382,"column":9}},"type":"if","locations":[{"start":{"line":380,"column":8},"end":{"line":382,"column":9}}]},"35":{"loc":{"start":{"line":388,"column":8},"end":{"line":390,"column":9}},"type":"if","locations":[{"start":{"line":388,"column":8},"end":{"line":390,"column":9}}]},"36":{"loc":{"start":{"line":414,"column":8},"end":{"line":416,"column":9}},"type":"if","locations":[{"start":{"line":414,"column":8},"end":{"line":416,"column":9}}]}},"s":{"0":1,"1":1,"2":1,"3":1,"4":1,"5":1,"6":1,"7":1,"8":1,"9":0,"10":0,"11":1,"12":1,"13":23,"14":23,"15":3,"16":3,"17":3,"18":1,"19":1,"20":0,"21":0,"22":0,"23":0,"24":0,"25":0,"26":0,"27":0,"28":3,"29":23,"30":4,"31":4,"32":4,"33":2,"34":1,"35":1,"36":0,"37":1,"38":1,"39":1,"40":1,"41":0,"42":0,"43":0,"44":0,"45":0,"46":0,"47":0,"48":0,"49":0,"50":0,"51":0,"52":0,"53":0,"54":0,"55":0,"56":0,"57":3,"58":23,"59":2,"60":2,"61":1,"62":1,"63":0,"64":1,"65":1,"66":1,"67":1,"68":0,"69":0,"70":0,"71":0,"72":1,"73":23,"74":0,"75":0,"76":0,"77":0,"78":0,"79":0,"80":0,"81":0,"82":0,"83":0,"84":0,"85":0,"86":0,"87":0,"88":0,"89":0,"90":0,"91":0,"92":0,"93":0,"94":0,"95":0,"96":23,"97":2,"98":2,"99":2,"100":1,"101":1,"102":1,"103":1,"104":1,"105":0,"106":0,"107":0,"108":0,"109":0,"110":0,"111":0,"112":0,"113":0,"114":23,"115":4,"116":4,"117":1,"118":3,"119":3,"120":3,"121":2,"122":1,"123":1,"124":1,"125":1,"126":0,"127":0,"128":0,"129":0,"130":0,"131":23,"132":4,"133":4,"134":1,"135":3,"136":3,"137":2,"138":1,"139":1,"140":1,"141":1,"142":0,"143":0,"144":0,"145":0,"146":0,"147":0,"148":23,"149":4,"150":4,"151":1,"152":3,"153":3,"154":2,"155":1,"156":1,"157":1,"158":1,"159":0,"160":0,"161":0,"162":0,"163":0,"164":0,"165":0,"166":0,"167":0,"168":0,"169":0,"170":23,"171":1,"172":1,"173":1,"174":0,"175":0,"176":0,"177":0,"178":0,"179":0,"180":23,"181":0,"182":0,"183":0,"184":0,"185":0,"186":0,"187":0,"188":0,"189":0,"190":23,"191":1,"192":1},"f":{"0":0,"1":1,"2":23,"3":3,"4":3,"5":4,"6":4,"7":0,"8":2,"9":2,"10":0,"11":0,"12":2,"13":2,"14":4,"15":4,"16":4,"17":4,"18":4,"19":4,"20":0,"21":1,"22":1,"23":0,"24":0},"b":{"0":[23,23],"1":[0,0],"2":[0],"3":[1],"4":[0],"5":[0,0],"6":[0],"7":[0],"8":[1],"9":[0],"10":[0],"11":[0],"12":[0],"13":[0],"14":[0],"15":[1],"16":[1],"17":[0],"18":[0,0,0],"19":[1],"20":[2],"21":[3,2],"22":[1],"23":[1],"24":[2],"25":[3,2],"26":[1],"27":[0],"28":[1],"29":[2],"30":[3,2],"31":[1],"32":[0],"33":[0],"34":[1],"35":[0],"36":[0]}}
,"C:\\Users\\npike\\Desktop\\All\\University\\Assignment Final Drafts\\Leave-Booking-API-OOP\\src\\controllers\\RoleController.ts": {"path":"C:\\Users\\npike\\Desktop\\All\\University\\Assignment Final Drafts\\Leave-Booking-API-OOP\\src\\controllers\\RoleController.ts","statementMap":{"0":{"start":{"line":2,"column":0},"end":{"line":2,"column":47}},"1":{"start":{"line":4,"column":0},"end":{"line":4,"column":60}},"2":{"start":{"line":5,"column":0},"end":{"line":5,"column":48}},"3":{"start":{"line":6,"column":0},"end":{"line":6,"column":38}},"4":{"start":{"line":8,"column":0},"end":{"line":8,"column":50}},"5":{"start":{"line":9,"column":0},"end":{"line":9,"column":50}},"6":{"start":{"line":11,"column":0},"end":{"line":11,"column":null}},"7":{"start":{"line":11,"column":36},"end":{"line":11,"column":50}},"8":{"start":{"line":16,"column":4},"end":{"line":16,"column":12}},"9":{"start":{"line":21,"column":9},"end":{"line":35,"column":4}},"10":{"start":{"line":21,"column":52},"end":{"line":35,"column":4}},"11":{"start":{"line":24,"column":6},"end":{"line":24,"column":35}},"12":{"start":{"line":25,"column":20},"end":{"line":25,"column":null}},"13":{"start":{"line":25,"column":12},"end":{"line":25,"column":null}},"14":{"start":{"line":26,"column":6},"end":{"line":29,"column":7}},"15":{"start":{"line":27,"column":8},"end":{"line":27,"column":71}},"16":{"start":{"line":28,"column":8},"end":{"line":28,"column":15}},"17":{"start":{"line":30,"column":6},"end":{"line":30,"column":54}},"18":{"start":{"line":33,"column":6},"end":{"line":33,"column":35}},"19":{"start":{"line":17,"column":4},"end":{"line":17,"column":60}},"20":{"start":{"line":37,"column":0},"end":{"line":37,"column":null}},"21":{"start":{"line":11,"column":13},"end":{"line":11,"column":27}}},"fnMap":{"0":{"name":"(anonymous_19)","decl":{"start":{"line":11,"column":0},"end":{"line":11,"column":13}},"loc":{"start":{"line":11,"column":0},"end":{"line":37,"column":null}}},"1":{"name":"RoleController","decl":{"start":{"line":15,"column":2},"end":{"line":15,"column":null}},"loc":{"start":{"line":15,"column":2},"end":{"line":18,"column":3}}},"2":{"name":"(anonymous_21)","decl":{"start":{"line":21,"column":18},"end":{"line":21,"column":25}},"loc":{"start":{"line":21,"column":52},"end":{"line":35,"column":4}}},"3":{"name":"(anonymous_22)","decl":{"start":{"line":21,"column":52},"end":{"line":21,"column":null}},"loc":{"start":{"line":21,"column":52},"end":{"line":35,"column":4}}}},"branchMap":{"0":{"loc":{"start":{"line":16,"column":4},"end":{"line":16,"column":12}},"type":"binary-expr","locations":[{"start":{"line":16,"column":4},"end":{"line":16,"column":11}},{"start":{"line":16,"column":11},"end":{"line":16,"column":12}}]},"1":{"loc":{"start":{"line":26,"column":6},"end":{"line":29,"column":7}},"type":"if","locations":[{"start":{"line":26,"column":6},"end":{"line":29,"column":7}}]}},"s":{"0":1,"1":1,"2":1,"3":1,"4":1,"5":1,"6":1,"7":1,"8":1,"9":1,"10":1,"11":1,"12":0,"13":0,"14":0,"15":0,"16":0,"17":0,"18":1,"19":1,"20":1,"21":1},"f":{"0":1,"1":1,"2":1,"3":1},"b":{"0":[1,1],"1":[0]}}
,"C:\\Users\\npike\\Desktop\\All\\University\\Assignment Final Drafts\\Leave-Booking-API-OOP\\src\\controllers\\UserController.ts": {"path":"C:\\Users\\npike\\Desktop\\All\\University\\Assignment Final Drafts\\Leave-Booking-API-OOP\\src\\controllers\\UserController.ts","statementMap":{"0":{"start":{"line":2,"column":0},"end":{"line":2,"column":47}},"1":{"start":{"line":3,"column":0},"end":{"line":3,"column":38}},"2":{"start":{"line":5,"column":0},"end":{"line":5,"column":60}},"3":{"start":{"line":6,"column":0},"end":{"line":6,"column":48}},"4":{"start":{"line":7,"column":0},"end":{"line":7,"column":43}},"5":{"start":{"line":8,"column":0},"end":{"line":8,"column":52}},"6":{"start":{"line":9,"column":0},"end":{"line":9,"column":38}},"7":{"start":{"line":10,"column":0},"end":{"line":10,"column":50}},"8":{"start":{"line":11,"column":0},"end":{"line":11,"column":50}},"9":{"start":{"line":13,"column":0},"end":{"line":13,"column":null}},"10":{"start":{"line":13,"column":36},"end":{"line":13,"column":50}},"11":{"start":{"line":36,"column":4},"end":{"line":36,"column":12}},"12":{"start":{"line":40,"column":9},"end":{"line":56,"column":4}},"13":{"start":{"line":40,"column":52},"end":{"line":56,"column":4}},"14":{"start":{"line":42,"column":6},"end":{"line":42,"column":35}},"15":{"start":{"line":43,"column":20},"end":{"line":45,"column":null}},"16":{"start":{"line":43,"column":12},"end":{"line":45,"column":null}},"17":{"start":{"line":47,"column":6},"end":{"line":50,"column":7}},"18":{"start":{"line":48,"column":8},"end":{"line":48,"column":71}},"19":{"start":{"line":49,"column":8},"end":{"line":49,"column":15}},"20":{"start":{"line":52,"column":6},"end":{"line":52,"column":54}},"21":{"start":{"line":54,"column":6},"end":{"line":54,"column":35}},"22":{"start":{"line":58,"column":9},"end":{"line":90,"column":4}},"23":{"start":{"line":58,"column":56},"end":{"line":90,"column":4}},"24":{"start":{"line":62,"column":8},"end":{"line":62,"column":37}},"25":{"start":{"line":63,"column":10},"end":{"line":63,"column":42}},"26":{"start":{"line":65,"column":4},"end":{"line":72,"column":5}},"27":{"start":{"line":66,"column":6},"end":{"line":70,"column":8}},"28":{"start":{"line":71,"column":6},"end":{"line":71,"column":13}},"29":{"start":{"line":73,"column":19},"end":{"line":76,"column":null}},"30":{"start":{"line":73,"column":12},"end":{"line":76,"column":null}},"31":{"start":{"line":77,"column":6},"end":{"line":84,"column":7}},"32":{"start":{"line":78,"column":8},"end":{"line":82,"column":10}},"33":{"start":{"line":83,"column":8},"end":{"line":83,"column":15}},"34":{"start":{"line":86,"column":6},"end":{"line":86,"column":53}},"35":{"start":{"line":88,"column":6},"end":{"line":88,"column":35}},"36":{"start":{"line":91,"column":9},"end":{"line":122,"column":4}},"37":{"start":{"line":91,"column":53},"end":{"line":122,"column":4}},"38":{"start":{"line":95,"column":10},"end":{"line":95,"column":39}},"39":{"start":{"line":96,"column":10},"end":{"line":96,"column":39}},"40":{"start":{"line":97,"column":8},"end":{"line":104,"column":5}},"41":{"start":{"line":98,"column":10},"end":{"line":102,"column":12}},"42":{"start":{"line":103,"column":10},"end":{"line":103,"column":17}},"43":{"start":{"line":105,"column":19},"end":{"line":108,"column":null}},"44":{"start":{"line":105,"column":12},"end":{"line":108,"column":null}},"45":{"start":{"line":109,"column":6},"end":{"line":116,"column":7}},"46":{"start":{"line":110,"column":8},"end":{"line":114,"column":10}},"47":{"start":{"line":115,"column":8},"end":{"line":115,"column":15}},"48":{"start":{"line":118,"column":6},"end":{"line":118,"column":53}},"49":{"start":{"line":120,"column":6},"end":{"line":120,"column":35}},"50":{"start":{"line":123,"column":9},"end":{"line":154,"column":4}},"51":{"start":{"line":123,"column":52},"end":{"line":154,"column":4}},"52":{"start":{"line":125,"column":8},"end":{"line":125,"column":37}},"53":{"start":{"line":127,"column":10},"end":{"line":127,"column":28}},"54":{"start":{"line":128,"column":6},"end":{"line":128,"column":null}},"55":{"start":{"line":129,"column":6},"end":{"line":129,"column":null}},"56":{"start":{"line":130,"column":6},"end":{"line":130,"column":40}},"57":{"start":{"line":131,"column":6},"end":{"line":131,"column":34}},"58":{"start":{"line":132,"column":6},"end":{"line":132,"column":34}},"59":{"start":{"line":133,"column":6},"end":{"line":133,"column":40}},"60":{"start":{"line":136,"column":21},"end":{"line":136,"column":null}},"61":{"start":{"line":136,"column":12},"end":{"line":136,"column":null}},"62":{"start":{"line":137,"column":6},"end":{"line":142,"column":7}},"63":{"start":{"line":139,"column":8},"end":{"line":141,"column":10}},"64":{"start":{"line":140,"column":30},"end":{"line":140,"column":67}},"65":{"start":{"line":144,"column":13},"end":{"line":144,"column":50}},"66":{"start":{"line":144,"column":6},"end":{"line":144,"column":50}},"67":{"start":{"line":146,"column":6},"end":{"line":150,"column":8}},"68":{"start":{"line":152,"column":6},"end":{"line":152,"column":35}},"69":{"start":{"line":155,"column":9},"end":{"line":171,"column":4}},"70":{"start":{"line":155,"column":52},"end":{"line":171,"column":4}},"71":{"start":{"line":156,"column":10},"end":{"line":156,"column":29}},"72":{"start":{"line":158,"column":8},"end":{"line":158,"column":37}},"73":{"start":{"line":160,"column":6},"end":{"line":162,"column":7}},"74":{"start":{"line":161,"column":8},"end":{"line":161,"column":42}},"75":{"start":{"line":163,"column":21},"end":{"line":163,"column":null}},"76":{"start":{"line":163,"column":12},"end":{"line":163,"column":null}},"77":{"start":{"line":164,"column":6},"end":{"line":166,"column":7}},"78":{"start":{"line":165,"column":8},"end":{"line":165,"column":63}},"79":{"start":{"line":167,"column":6},"end":{"line":167,"column":79}},"80":{"start":{"line":169,"column":6},"end":{"line":169,"column":35}},"81":{"start":{"line":173,"column":9},"end":{"line":201,"column":4}},"82":{"start":{"line":173,"column":56},"end":{"line":201,"column":4}},"83":{"start":{"line":176,"column":8},"end":{"line":176,"column":37}},"84":{"start":{"line":178,"column":14},"end":{"line":178,"column":37}},"85":{"start":{"line":179,"column":21},"end":{"line":179,"column":null}},"86":{"start":{"line":179,"column":14},"end":{"line":179,"column":null}},"87":{"start":{"line":182,"column":8},"end":{"line":184,"column":9}},"88":{"start":{"line":183,"column":12},"end":{"line":183,"column":70}},"89":{"start":{"line":186,"column":14},"end":{"line":186,"column":39}},"90":{"start":{"line":187,"column":21},"end":{"line":187,"column":null}},"91":{"start":{"line":187,"column":14},"end":{"line":187,"column":null}},"92":{"start":{"line":188,"column":8},"end":{"line":190,"column":9}},"93":{"start":{"line":189,"column":12},"end":{"line":189,"column":70}},"94":{"start":{"line":192,"column":8},"end":{"line":192,"column":25}},"95":{"start":{"line":193,"column":8},"end":{"line":193,"column":45}},"96":{"start":{"line":194,"column":8},"end":{"line":194,"column":71}},"97":{"start":{"line":199,"column":6},"end":{"line":199,"column":35}},"98":{"start":{"line":37,"column":4},"end":{"line":37,"column":60}},"99":{"start":{"line":14,"column":25},"end":{"line":14,"column":53}},"100":{"start":{"line":15,"column":25},"end":{"line":15,"column":56}},"101":{"start":{"line":16,"column":25},"end":{"line":16,"column":48}},"102":{"start":{"line":17,"column":25},"end":{"line":17,"column":56}},"103":{"start":{"line":18,"column":4},"end":{"line":18,"column":36}},"104":{"start":{"line":19,"column":25},"end":{"line":19,"column":51}},"105":{"start":{"line":20,"column":25},"end":{"line":20,"column":null}},"106":{"start":{"line":22,"column":25},"end":{"line":22,"column":null}},"107":{"start":{"line":24,"column":25},"end":{"line":24,"column":null}},"108":{"start":{"line":26,"column":25},"end":{"line":26,"column":48}},"109":{"start":{"line":27,"column":25},"end":{"line":27,"column":49}},"110":{"start":{"line":28,"column":4},"end":{"line":28,"column":25}},"111":{"start":{"line":29,"column":25},"end":{"line":29,"column":49}},"112":{"start":{"line":30,"column":4},"end":{"line":30,"column":38}},"113":{"start":{"line":31,"column":25},"end":{"line":31,"column":59}},"114":{"start":{"line":32,"column":4},"end":{"line":32,"column":51}},"115":{"start":{"line":33,"column":25},"end":{"line":33,"column":51}},"116":{"start":{"line":202,"column":0},"end":{"line":202,"column":null}},"117":{"start":{"line":13,"column":13},"end":{"line":13,"column":27}}},"fnMap":{"0":{"name":"(anonymous_19)","decl":{"start":{"line":13,"column":0},"end":{"line":13,"column":13}},"loc":{"start":{"line":13,"column":0},"end":{"line":13,"column":13}}},"1":{"name":"UserController","decl":{"start":{"line":35,"column":2},"end":{"line":35,"column":null}},"loc":{"start":{"line":35,"column":2},"end":{"line":38,"column":3}}},"2":{"name":"(anonymous_21)","decl":{"start":{"line":40,"column":18},"end":{"line":40,"column":25}},"loc":{"start":{"line":40,"column":52},"end":{"line":56,"column":4}}},"3":{"name":"(anonymous_22)","decl":{"start":{"line":40,"column":52},"end":{"line":40,"column":null}},"loc":{"start":{"line":40,"column":52},"end":{"line":56,"column":4}}},"4":{"name":"(anonymous_24)","decl":{"start":{"line":58,"column":22},"end":{"line":58,"column":29}},"loc":{"start":{"line":58,"column":56},"end":{"line":90,"column":4}}},"5":{"name":"(anonymous_25)","decl":{"start":{"line":58,"column":56},"end":{"line":58,"column":null}},"loc":{"start":{"line":58,"column":56},"end":{"line":90,"column":4}}},"6":{"name":"(anonymous_27)","decl":{"start":{"line":91,"column":19},"end":{"line":91,"column":26}},"loc":{"start":{"line":91,"column":53},"end":{"line":122,"column":4}}},"7":{"name":"(anonymous_28)","decl":{"start":{"line":91,"column":53},"end":{"line":91,"column":null}},"loc":{"start":{"line":91,"column":53},"end":{"line":122,"column":4}}},"8":{"name":"(anonymous_30)","decl":{"start":{"line":123,"column":18},"end":{"line":123,"column":25}},"loc":{"start":{"line":123,"column":52},"end":{"line":154,"column":4}}},"9":{"name":"(anonymous_31)","decl":{"start":{"line":123,"column":52},"end":{"line":123,"column":null}},"loc":{"start":{"line":123,"column":52},"end":{"line":154,"column":4}}},"10":{"name":"(anonymous_33)","decl":{"start":{"line":140,"column":21},"end":{"line":140,"column":22}},"loc":{"start":{"line":140,"column":25},"end":{"line":140,"column":36}}},"11":{"name":"(anonymous_34)","decl":{"start":{"line":155,"column":18},"end":{"line":155,"column":25}},"loc":{"start":{"line":155,"column":52},"end":{"line":171,"column":4}}},"12":{"name":"(anonymous_35)","decl":{"start":{"line":155,"column":52},"end":{"line":155,"column":null}},"loc":{"start":{"line":155,"column":52},"end":{"line":171,"column":4}}},"13":{"name":"(anonymous_37)","decl":{"start":{"line":173,"column":22},"end":{"line":173,"column":29}},"loc":{"start":{"line":173,"column":56},"end":{"line":201,"column":4}}},"14":{"name":"(anonymous_38)","decl":{"start":{"line":173,"column":56},"end":{"line":173,"column":null}},"loc":{"start":{"line":173,"column":56},"end":{"line":201,"column":4}}},"15":{"name":"(anonymous_40)","decl":{"start":{"line":17,"column":56},"end":{"line":17,"column":57}},"loc":{"start":{"line":17,"column":67},"end":{"line":18,"column":31}}},"16":{"name":"(anonymous_41)","decl":{"start":{"line":27,"column":49},"end":{"line":27,"column":50}},"loc":{"start":{"line":27,"column":63},"end":{"line":28,"column":7}}},"17":{"name":"(anonymous_42)","decl":{"start":{"line":29,"column":49},"end":{"line":29,"column":50}},"loc":{"start":{"line":29,"column":63},"end":{"line":30,"column":30}}},"18":{"name":"(anonymous_43)","decl":{"start":{"line":31,"column":59},"end":{"line":31,"column":60}},"loc":{"start":{"line":31,"column":73},"end":{"line":32,"column":43}}}},"branchMap":{"0":{"loc":{"start":{"line":36,"column":4},"end":{"line":36,"column":12}},"type":"binary-expr","locations":[{"start":{"line":36,"column":4},"end":{"line":36,"column":11}},{"start":{"line":36,"column":11},"end":{"line":36,"column":12}}]},"1":{"loc":{"start":{"line":47,"column":6},"end":{"line":50,"column":7}},"type":"if","locations":[{"start":{"line":47,"column":6},"end":{"line":50,"column":7}}]},"2":{"loc":{"start":{"line":65,"column":4},"end":{"line":72,"column":5}},"type":"if","locations":[{"start":{"line":65,"column":4},"end":{"line":72,"column":5}}]},"3":{"loc":{"start":{"line":65,"column":8},"end":{"line":65,"column":43}},"type":"binary-expr","locations":[{"start":{"line":65,"column":8},"end":{"line":65,"column":14}},{"start":{"line":65,"column":18},"end":{"line":65,"column":43}}]},"4":{"loc":{"start":{"line":77,"column":6},"end":{"line":84,"column":7}},"type":"if","locations":[{"start":{"line":77,"column":6},"end":{"line":84,"column":7}}]},"5":{"loc":{"start":{"line":97,"column":8},"end":{"line":104,"column":5}},"type":"if","locations":[{"start":{"line":97,"column":8},"end":{"line":104,"column":5}}]},"6":{"loc":{"start":{"line":109,"column":6},"end":{"line":116,"column":7}},"type":"if","locations":[{"start":{"line":109,"column":6},"end":{"line":116,"column":7}}]},"7":{"loc":{"start":{"line":137,"column":6},"end":{"line":142,"column":7}},"type":"if","locations":[{"start":{"line":137,"column":6},"end":{"line":142,"column":7}}]},"8":{"loc":{"start":{"line":140,"column":44},"end":{"line":140,"column":65}},"type":"binary-expr","locations":[{"start":{"line":140,"column":44},"end":{"line":140,"column":59}},{"start":{"line":140,"column":63},"end":{"line":140,"column":65}}]},"9":{"loc":{"start":{"line":160,"column":6},"end":{"line":162,"column":7}},"type":"if","locations":[{"start":{"line":160,"column":6},"end":{"line":162,"column":7}}]},"10":{"loc":{"start":{"line":164,"column":6},"end":{"line":166,"column":7}},"type":"if","locations":[{"start":{"line":164,"column":6},"end":{"line":166,"column":7}}]},"11":{"loc":{"start":{"line":182,"column":8},"end":{"line":184,"column":9}},"type":"if","locations":[{"start":{"line":182,"column":8},"end":{"line":184,"column":9}}]},"12":{"loc":{"start":{"line":188,"column":8},"end":{"line":190,"column":9}},"type":"if","locations":[{"start":{"line":188,"column":8},"end":{"line":190,"column":9}}]}},"s":{"0":1,"1":1,"2":1,"3":1,"4":1,"5":1,"6":1,"7":1,"8":1,"9":1,"10":1,"11":15,"12":15,"13":2,"14":2,"15":0,"16":0,"17":0,"18":0,"19":0,"20":0,"21":2,"22":15,"23":3,"24":3,"25":0,"26":0,"27":0,"28":0,"29":0,"30":0,"31":0,"32":0,"33":0,"34":0,"35":3,"36":15,"37":3,"38":3,"39":0,"40":0,"41":0,"42":0,"43":0,"44":0,"45":0,"46":0,"47":0,"48":0,"49":3,"50":15,"51":2,"52":2,"53":0,"54":0,"55":0,"56":0,"57":0,"58":0,"59":0,"60":0,"61":0,"62":0,"63":0,"64":0,"65":0,"66":0,"67":0,"68":2,"69":15,"70":2,"71":2,"72":2,"73":0,"74":0,"75":0,"76":0,"77":0,"78":0,"79":0,"80":2,"81":15,"82":3,"83":3,"84":2,"85":2,"86":2,"87":1,"88":1,"89":0,"90":0,"91":0,"92":0,"93":0,"94":0,"95":0,"96":0,"97":2,"98":15,"99":1,"100":1,"101":1,"102":1,"103":0,"104":1,"105":1,"106":1,"107":1,"108":1,"109":1,"110":0,"111":1,"112":0,"113":1,"114":0,"115":1,"116":1,"117":1},"f":{"0":1,"1":15,"2":2,"3":2,"4":3,"5":3,"6":3,"7":3,"8":2,"9":2,"10":0,"11":2,"12":2,"13":3,"14":3,"15":0,"16":0,"17":0,"18":0},"b":{"0":[15,15],"1":[0],"2":[0],"3":[0,0],"4":[0],"5":[0],"6":[0],"7":[0],"8":[0,0],"9":[0],"10":[0],"11":[1],"12":[0]}}
,"C:\\Users\\npike\\Desktop\\All\\University\\Assignment Final Drafts\\Leave-Booking-API-OOP\\src\\entity\\LeaveRequest.ts": {"path":"C:\\Users\\npike\\Desktop\\All\\University\\Assignment Final Drafts\\Leave-Booking-API-OOP\\src\\entity\\LeaveRequest.ts","statementMap":{"0":{"start":{"line":1,"column":0},"end":{"line":1,"column":null}},"1":{"start":{"line":10,"column":0},"end":{"line":10,"column":30}},"2":{"start":{"line":13,"column":0},"end":{"line":13,"column":13}},"3":{"start":{"line":15,"column":2},"end":{"line":15,"column":null}},"4":{"start":{"line":18,"column":2},"end":{"line":18,"column":null}},"5":{"start":{"line":17,"column":19},"end":{"line":17,"column":25}},"6":{"start":{"line":21,"column":2},"end":{"line":21,"column":null}},"7":{"start":{"line":24,"column":2},"end":{"line":24,"column":null}},"8":{"start":{"line":27,"column":2},"end":{"line":27,"column":null}},"9":{"start":{"line":30,"column":2},"end":{"line":30,"column":null}},"10":{"start":{"line":33,"column":2},"end":{"line":33,"column":null}},"11":{"start":{"line":36,"column":2},"end":{"line":36,"column":null}},"12":{"start":{"line":13,"column":13},"end":{"line":37,"column":null}},"13":{"start":{"line":37,"column":0},"end":{"line":37,"column":null}},"14":{"start":{"line":13,"column":13},"end":{"line":13,"column":25}}},"fnMap":{"0":{"name":"(anonymous_2)","decl":{"start":{"line":13,"column":0},"end":{"line":13,"column":13}},"loc":{"start":{"line":13,"column":0},"end":{"line":13,"column":13}}},"1":{"name":"(anonymous_4)","decl":{"start":{"line":17,"column":13},"end":{"line":17,"column":19}},"loc":{"start":{"line":17,"column":13},"end":{"line":17,"column":23}}}},"branchMap":{},"s":{"0":4,"1":4,"2":4,"3":4,"4":4,"5":0,"6":4,"7":4,"8":4,"9":4,"10":4,"11":4,"12":4,"13":4,"14":4},"f":{"0":5,"1":0},"b":{}}
,"C:\\Users\\npike\\Desktop\\All\\University\\Assignment Final Drafts\\Leave-Booking-API-OOP\\src\\entity\\Role.ts": {"path":"C:\\Users\\npike\\Desktop\\All\\University\\Assignment Final Drafts\\Leave-Booking-API-OOP\\src\\entity\\Role.ts","statementMap":{"0":{"start":{"line":1,"column":0},"end":{"line":1,"column":65}},"1":{"start":{"line":2,"column":0},"end":{"line":2,"column":65}},"2":{"start":{"line":5,"column":0},"end":{"line":5,"column":13}},"3":{"start":{"line":7,"column":2},"end":{"line":7,"column":null}},"4":{"start":{"line":13,"column":2},"end":{"line":13,"column":null}},"5":{"start":{"line":5,"column":13},"end":{"line":14,"column":null}},"6":{"start":{"line":14,"column":0},"end":{"line":14,"column":null}},"7":{"start":{"line":5,"column":13},"end":{"line":5,"column":17}}},"fnMap":{"0":{"name":"(anonymous_2)","decl":{"start":{"line":5,"column":0},"end":{"line":5,"column":13}},"loc":{"start":{"line":5,"column":0},"end":{"line":5,"column":13}}}},"branchMap":{},"s":{"0":6,"1":6,"2":6,"3":6,"4":6,"5":6,"6":6,"7":6},"f":{"0":17},"b":{}}
,"C:\\Users\\npike\\Desktop\\All\\University\\Assignment Final Drafts\\Leave-Booking-API-OOP\\src\\entity\\User.ts": {"path":"C:\\Users\\npike\\Desktop\\All\\University\\Assignment Final Drafts\\Leave-Booking-API-OOP\\src\\entity\\User.ts","statementMap":{"0":{"start":{"line":1,"column":0},"end":{"line":1,"column":null}},"1":{"start":{"line":8,"column":0},"end":{"line":8,"column":null}},"2":{"start":{"line":17,"column":0},"end":{"line":17,"column":30}},"3":{"start":{"line":18,"column":0},"end":{"line":18,"column":44}},"4":{"start":{"line":19,"column":0},"end":{"line":19,"column":60}},"5":{"start":{"line":22,"column":0},"end":{"line":22,"column":13}},"6":{"start":{"line":69,"column":2},"end":{"line":78,"column":null}},"7":{"start":{"line":70,"column":4},"end":{"line":72,"column":5}},"8":{"start":{"line":71,"column":6},"end":{"line":71,"column":76}},"9":{"start":{"line":73,"column":37},"end":{"line":74,"column":null}},"10":{"start":{"line":73,"column":26},"end":{"line":73,"column":28}},"11":{"start":{"line":73,"column":32},"end":{"line":73,"column":37}},"12":{"start":{"line":76,"column":4},"end":{"line":76,"column":35}},"13":{"start":{"line":77,"column":4},"end":{"line":77,"column":21}},"14":{"start":{"line":81,"column":2},"end":{"line":85,"column":null}},"15":{"start":{"line":82,"column":4},"end":{"line":84,"column":5}},"16":{"start":{"line":83,"column":6},"end":{"line":83,"column":51}},"17":{"start":{"line":24,"column":2},"end":{"line":24,"column":null}},"18":{"start":{"line":28,"column":2},"end":{"line":28,"column":null}},"19":{"start":{"line":32,"column":2},"end":{"line":32,"column":null}},"20":{"start":{"line":38,"column":2},"end":{"line":38,"column":null}},"21":{"start":{"line":42,"column":2},"end":{"line":42,"column":null}},"22":{"start":{"line":46,"column":2},"end":{"line":46,"column":null}},"23":{"start":{"line":50,"column":2},"end":{"line":50,"column":null}},"24":{"start":{"line":48,"column":19},"end":{"line":48,"column":25}},"25":{"start":{"line":53,"column":2},"end":{"line":53,"column":null}},"26":{"start":{"line":52,"column":19},"end":{"line":52,"column":25}},"27":{"start":{"line":59,"column":2},"end":{"line":59,"column":null}},"28":{"start":{"line":65,"column":2},"end":{"line":65,"column":null}},"29":{"start":{"line":22,"column":13},"end":{"line":86,"column":null}},"30":{"start":{"line":86,"column":0},"end":{"line":86,"column":null}},"31":{"start":{"line":22,"column":13},"end":{"line":22,"column":17}}},"fnMap":{"0":{"name":"(anonymous_2)","decl":{"start":{"line":22,"column":0},"end":{"line":22,"column":13}},"loc":{"start":{"line":22,"column":0},"end":{"line":22,"column":13}}},"1":{"name":"(anonymous_4)","decl":{"start":{"line":69,"column":2},"end":{"line":69,"column":14}},"loc":{"start":{"line":69,"column":2},"end":{"line":78,"column":3}}},"2":{"name":"(anonymous_5)","decl":{"start":{"line":81,"column":2},"end":{"line":81,"column":19}},"loc":{"start":{"line":81,"column":2},"end":{"line":85,"column":3}}},"3":{"name":"(anonymous_6)","decl":{"start":{"line":48,"column":13},"end":{"line":48,"column":19}},"loc":{"start":{"line":48,"column":13},"end":{"line":48,"column":23}}},"4":{"name":"(anonymous_7)","decl":{"start":{"line":52,"column":13},"end":{"line":52,"column":19}},"loc":{"start":{"line":52,"column":13},"end":{"line":52,"column":23}}}},"branchMap":{"0":{"loc":{"start":{"line":70,"column":4},"end":{"line":72,"column":5}},"type":"if","locations":[{"start":{"line":70,"column":4},"end":{"line":72,"column":5}}]},"1":{"loc":{"start":{"line":82,"column":4},"end":{"line":84,"column":5}},"type":"if","locations":[{"start":{"line":82,"column":4},"end":{"line":84,"column":5}}]},"2":{"loc":{"start":{"line":82,"column":8},"end":{"line":82,"column":67}},"type":"binary-expr","locations":[{"start":{"line":82,"column":8},"end":{"line":82,"column":38}},{"start":{"line":82,"column":42},"end":{"line":82,"column":67}}]},"3":{"loc":{"start":{"line":83,"column":25},"end":{"line":83,"column":50}},"type":"cond-expr","locations":[{"start":{"line":83,"column":44},"end":{"line":83,"column":48}},{"start":{"line":83,"column":48},"end":{"line":83,"column":50}}]},"4":{"loc":{"start":{"line":83,"column":25},"end":{"line":83,"column":48}},"type":"binary-expr","locations":[{"start":{"line":83,"column":25},"end":{"line":83,"column":48}},{"start":{"line":83,"column":44},"end":{"line":83,"column":48}}]}},"s":{"0":5,"1":5,"2":5,"3":5,"4":5,"5":5,"6":10,"7":0,"8":0,"9":0,"10":0,"11":0,"12":0,"13":0,"14":10,"15":0,"16":0,"17":5,"18":5,"19":5,"20":5,"21":5,"22":5,"23":5,"24":0,"25":5,"26":0,"27":5,"28":5,"29":5,"30":5,"31":5},"f":{"0":14,"1":0,"2":0,"3":0,"4":0},"b":{"0":[0],"1":[0],"2":[0,0],"3":[0,0],"4":[0,0]}}
,"C:\\Users\\npike\\Desktop\\All\\University\\Assignment Final Drafts\\Leave-Booking-API-OOP\\src\\helper\\LeaveHelper.ts": {"path":"C:\\Users\\npike\\Desktop\\All\\University\\Assignment Final Drafts\\Leave-Booking-API-OOP\\src\\helper\\LeaveHelper.ts","statementMap":{"0":{"start":{"line":1,"column":0},"end":{"line":1,"column":13}},"1":{"start":{"line":2,"column":9},"end":{"line":16,"column":null}},"2":{"start":{"line":3,"column":18},"end":{"line":3,"column":37}},"3":{"start":{"line":4,"column":16},"end":{"line":4,"column":33}},"4":{"start":{"line":5,"column":16},"end":{"line":5,"column":26}},"5":{"start":{"line":7,"column":4},"end":{"line":9,"column":5}},"6":{"start":{"line":8,"column":6},"end":{"line":8,"column":70}},"7":{"start":{"line":10,"column":4},"end":{"line":12,"column":5}},"8":{"start":{"line":11,"column":6},"end":{"line":11,"column":59}},"9":{"start":{"line":13,"column":4},"end":{"line":15,"column":5}},"10":{"start":{"line":14,"column":6},"end":{"line":14,"column":61}},"11":{"start":{"line":17,"column":0},"end":{"line":17,"column":null}},"12":{"start":{"line":1,"column":13},"end":{"line":1,"column":24}}},"fnMap":{"0":{"name":"(anonymous_0)","decl":{"start":{"line":1,"column":0},"end":{"line":1,"column":13}},"loc":{"start":{"line":1,"column":0},"end":{"line":17,"column":null}}},"1":{"name":"(anonymous_2)","decl":{"start":{"line":2,"column":2},"end":{"line":2,"column":9}},"loc":{"start":{"line":2,"column":71},"end":{"line":16,"column":3}}}},"branchMap":{"0":{"loc":{"start":{"line":7,"column":4},"end":{"line":9,"column":5}},"type":"if","locations":[{"start":{"line":7,"column":4},"end":{"line":9,"column":5}}]},"1":{"loc":{"start":{"line":7,"column":8},"end":{"line":7,"column":54}},"type":"binary-expr","locations":[{"start":{"line":7,"column":8},"end":{"line":7,"column":30}},{"start":{"line":7,"column":34},"end":{"line":7,"column":54}}]},"2":{"loc":{"start":{"line":10,"column":4},"end":{"line":12,"column":5}},"type":"if","locations":[{"start":{"line":10,"column":4},"end":{"line":12,"column":5}}]},"3":{"loc":{"start":{"line":13,"column":4},"end":{"line":15,"column":5}},"type":"if","locations":[{"start":{"line":13,"column":4},"end":{"line":15,"column":5}}]}},"s":{"0":1,"1":1,"2":3,"3":3,"4":3,"5":3,"6":0,"7":3,"8":1,"9":2,"10":1,"11":1,"12":1},"f":{"0":1,"1":3},"b":{"0":[0],"1":[3,3],"2":[1],"3":[1]}}
,"C:\\Users\\npike\\Desktop\\All\\University\\Assignment Final Drafts\\Leave-Booking-API-OOP\\src\\helper\\Logger.ts": {"path":"C:\\Users\\npike\\Desktop\\All\\University\\Assignment Final Drafts\\Leave-Booking-API-OOP\\src\\helper\\Logger.ts","statementMap":{"0":{"start":{"line":1,"column":0},"end":{"line":1,"column":35}},"1":{"start":{"line":2,"column":0},"end":{"line":2,"column":13}},"2":{"start":{"line":19,"column":9},"end":{"line":21,"column":null}},"3":{"start":{"line":20,"column":4},"end":{"line":20,"column":38}},"4":{"start":{"line":22,"column":9},"end":{"line":24,"column":null}},"5":{"start":{"line":23,"column":4},"end":{"line":23,"column":39}},"6":{"start":{"line":25,"column":9},"end":{"line":27,"column":null}},"7":{"start":{"line":26,"column":4},"end":{"line":26,"column":38}},"8":{"start":{"line":28,"column":9},"end":{"line":30,"column":null}},"9":{"start":{"line":29,"column":4},"end":{"line":29,"column":39}},"10":{"start":{"line":31,"column":9},"end":{"line":33,"column":null}},"11":{"start":{"line":32,"column":4},"end":{"line":32,"column":41}},"12":{"start":{"line":3,"column":17},"end":{"line":18,"column":5}},"13":{"start":{"line":34,"column":0},"end":{"line":34,"column":null}},"14":{"start":{"line":2,"column":13},"end":{"line":2,"column":19}}},"fnMap":{"0":{"name":"(anonymous_9)","decl":{"start":{"line":2,"column":0},"end":{"line":2,"column":13}},"loc":{"start":{"line":2,"column":0},"end":{"line":2,"column":13}}},"1":{"name":"(anonymous_11)","decl":{"start":{"line":19,"column":2},"end":{"line":19,"column":9}},"loc":{"start":{"line":19,"column":41},"end":{"line":21,"column":3}}},"2":{"name":"(anonymous_12)","decl":{"start":{"line":22,"column":2},"end":{"line":22,"column":9}},"loc":{"start":{"line":22,"column":42},"end":{"line":24,"column":3}}},"3":{"name":"(anonymous_13)","decl":{"start":{"line":25,"column":2},"end":{"line":25,"column":9}},"loc":{"start":{"line":25,"column":41},"end":{"line":27,"column":3}}},"4":{"name":"(anonymous_14)","decl":{"start":{"line":28,"column":2},"end":{"line":28,"column":9}},"loc":{"start":{"line":28,"column":42},"end":{"line":30,"column":3}}},"5":{"name":"(anonymous_15)","decl":{"start":{"line":31,"column":2},"end":{"line":31,"column":9}},"loc":{"start":{"line":31,"column":42},"end":{"line":33,"column":3}}}},"branchMap":{"0":{"loc":{"start":{"line":4,"column":11},"end":{"line":4,"column":67}},"type":"cond-expr","locations":[{"start":{"line":4,"column":51},"end":{"line":4,"column":57}},{"start":{"line":4,"column":60},"end":{"line":4,"column":67}}]}},"s":{"0":4,"1":4,"2":4,"3":0,"4":4,"5":9,"6":4,"7":0,"8":4,"9":0,"10":4,"11":0,"12":4,"13":4,"14":4},"f":{"0":4,"1":0,"2":9,"3":0,"4":0,"5":0},"b":{"0":[0,4]}}
,"C:\\Users\\npike\\Desktop\\All\\University\\Assignment Final Drafts\\Leave-Booking-API-OOP\\src\\helper\\PasswordHandler.ts": {"path":"C:\\Users\\npike\\Desktop\\All\\University\\Assignment Final Drafts\\Leave-Booking-API-OOP\\src\\helper\\PasswordHandler.ts","statementMap":{"0":{"start":{"line":1,"column":0},"end":{"line":1,"column":66}},"1":{"start":{"line":3,"column":0},"end":{"line":3,"column":13}},"2":{"start":{"line":8,"column":9},"end":{"line":18,"column":null}},"3":{"start":{"line":9,"column":17},"end":{"line":9,"column":71}},"4":{"start":{"line":11,"column":27},"end":{"line":15,"column":21}},"5":{"start":{"line":17,"column":4},"end":{"line":17,"column":36}},"6":{"start":{"line":20,"column":9},"end":{"line":34,"column":null}},"7":{"start":{"line":25,"column":26},"end":{"line":29,"column":21}},"8":{"start":{"line":30,"column":4},"end":{"line":33,"column":6}},"9":{"start":{"line":4,"column":26},"end":{"line":4,"column":52}},"10":{"start":{"line":5,"column":26},"end":{"line":5,"column":51}},"11":{"start":{"line":6,"column":26},"end":{"line":6,"column":63}},"12":{"start":{"line":35,"column":0},"end":{"line":35,"column":null}},"13":{"start":{"line":3,"column":13},"end":{"line":3,"column":28}}},"fnMap":{"0":{"name":"(anonymous_0)","decl":{"start":{"line":3,"column":0},"end":{"line":3,"column":13}},"loc":{"start":{"line":3,"column":0},"end":{"line":3,"column":13}}},"1":{"name":"(anonymous_2)","decl":{"start":{"line":8,"column":2},"end":{"line":8,"column":9}},"loc":{"start":{"line":8,"column":38},"end":{"line":18,"column":3}}},"2":{"name":"(anonymous_3)","decl":{"start":{"line":20,"column":2},"end":{"line":20,"column":9}},"loc":{"start":{"line":23,"column":16},"end":{"line":34,"column":3}}}},"branchMap":{},"s":{"0":6,"1":6,"2":6,"3":2,"4":2,"5":2,"6":6,"7":2,"8":2,"9":6,"10":6,"11":6,"12":6,"13":6},"f":{"0":6,"1":2,"2":2},"b":{}}
,"C:\\Users\\npike\\Desktop\\All\\University\\Assignment Final Drafts\\Leave-Booking-API-OOP\\src\\helper\\ResponseHandler.ts": {"path":"C:\\Users\\npike\\Desktop\\All\\University\\Assignment Final Drafts\\Leave-Booking-API-OOP\\src\\helper\\ResponseHandler.ts","statementMap":{"0":{"start":{"line":2,"column":0},"end":{"line":2,"column":34}},"1":{"start":{"line":3,"column":0},"end":{"line":3,"column":48}},"2":{"start":{"line":4,"column":0},"end":{"line":4,"column":13}},"3":{"start":{"line":5,"column":16},"end":{"line":22,"column":null}},"4":{"start":{"line":8,"column":4},"end":{"line":8,"column":41}},"5":{"start":{"line":11,"column":22},"end":{"line":11,"column":46}},"6":{"start":{"line":12,"column":4},"end":{"line":12,"column":56}},"7":{"start":{"line":13,"column":26},"end":{"line":20,"column":6}},"8":{"start":{"line":21,"column":4},"end":{"line":21,"column":54}},"9":{"start":{"line":23,"column":16},"end":{"line":34,"column":null}},"10":{"start":{"line":25,"column":4},"end":{"line":25,"column":null}},"11":{"start":{"line":26,"column":4},"end":{"line":26,"column":null}},"12":{"start":{"line":29,"column":28},"end":{"line":32,"column":6}},"13":{"start":{"line":33,"column":4},"end":{"line":33,"column":56}},"14":{"start":{"line":35,"column":0},"end":{"line":35,"column":null}},"15":{"start":{"line":4,"column":13},"end":{"line":4,"column":28}}},"fnMap":{"0":{"name":"(anonymous_0)","decl":{"start":{"line":4,"column":0},"end":{"line":4,"column":13}},"loc":{"start":{"line":4,"column":0},"end":{"line":35,"column":null}}}},"branchMap":{"0":{"loc":{"start":{"line":8,"column":4},"end":{"line":8,"column":41}},"type":"if","locations":[{"start":{"line":8,"column":4},"end":{"line":8,"column":41}}]},"1":{"loc":{"start":{"line":25,"column":4},"end":{"line":25,"column":null}},"type":"if","locations":[{"start":{"line":25,"column":4},"end":{"line":25,"column":null}}]},"2":{"loc":{"start":{"line":26,"column":4},"end":{"line":26,"column":null}},"type":"if","locations":[{"start":{"line":26,"column":4},"end":{"line":26,"column":null}}]}},"s":{"0":4,"1":4,"2":4,"3":4,"4":9,"5":9,"6":9,"7":9,"8":9,"9":4,"10":1,"11":1,"12":1,"13":1,"14":4,"15":4},"f":{"0":4},"b":{"0":[0],"1":[0],"2":[0]}}
,"C:\\Users\\npike\\Desktop\\All\\University\\Assignment Final Drafts\\Leave-Booking-API-OOP\\src\\helper\\UserHelper.ts": {"path":"C:\\Users\\npike\\Desktop\\All\\University\\Assignment Final Drafts\\Leave-Booking-API-OOP\\src\\helper\\UserHelper.ts","statementMap":{"0":{"start":{"line":1,"column":0},"end":{"line":1,"column":47}},"1":{"start":{"line":2,"column":0},"end":{"line":2,"column":38}},"2":{"start":{"line":5,"column":0},"end":{"line":5,"column":13}},"3":{"start":{"line":6,"column":15},"end":{"line":14,"column":null}},"4":{"start":{"line":7,"column":10},"end":{"line":7,"column":41}},"5":{"start":{"line":8,"column":10},"end":{"line":8,"column":61}},"6":{"start":{"line":9,"column":19},"end":{"line":9,"column":null}},"7":{"start":{"line":9,"column":10},"end":{"line":9,"column":null}},"8":{"start":{"line":10,"column":4},"end":{"line":12,"column":5}},"9":{"start":{"line":11,"column":8},"end":{"line":11,"column":42}},"10":{"start":{"line":13,"column":4},"end":{"line":13,"column":18}},"11":{"start":{"line":16,"column":9},"end":{"line":21,"column":null}},"12":{"start":{"line":17,"column":19},"end":{"line":17,"column":43}},"13":{"start":{"line":18,"column":4},"end":{"line":20,"column":5}},"14":{"start":{"line":19,"column":6},"end":{"line":19,"column":72}},"15":{"start":{"line":22,"column":9},"end":{"line":27,"column":null}},"16":{"start":{"line":23,"column":19},"end":{"line":23,"column":43}},"17":{"start":{"line":24,"column":4},"end":{"line":26,"column":5}},"18":{"start":{"line":25,"column":6},"end":{"line":25,"column":72}},"19":{"start":{"line":28,"column":0},"end":{"line":28,"column":null}},"20":{"start":{"line":5,"column":13},"end":{"line":5,"column":23}}},"fnMap":{"0":{"name":"(anonymous_13)","decl":{"start":{"line":5,"column":0},"end":{"line":5,"column":13}},"loc":{"start":{"line":5,"column":0},"end":{"line":28,"column":null}}},"1":{"name":"(anonymous_15)","decl":{"start":{"line":6,"column":2},"end":{"line":6,"column":15}},"loc":{"start":{"line":6,"column":44},"end":{"line":14,"column":null}}},"2":{"name":"(anonymous_18)","decl":{"start":{"line":16,"column":2},"end":{"line":16,"column":9}},"loc":{"start":{"line":16,"column":39},"end":{"line":21,"column":3}}},"3":{"name":"(anonymous_19)","decl":{"start":{"line":22,"column":2},"end":{"line":22,"column":9}},"loc":{"start":{"line":22,"column":30},"end":{"line":27,"column":3}}}},"branchMap":{"0":{"loc":{"start":{"line":10,"column":4},"end":{"line":12,"column":5}},"type":"if","locations":[{"start":{"line":10,"column":4},"end":{"line":12,"column":5}}]},"1":{"loc":{"start":{"line":18,"column":4},"end":{"line":20,"column":5}},"type":"if","locations":[{"start":{"line":18,"column":4},"end":{"line":20,"column":5}}]},"2":{"loc":{"start":{"line":18,"column":8},"end":{"line":18,"column":36}},"type":"binary-expr","locations":[{"start":{"line":18,"column":8},"end":{"line":18,"column":20}},{"start":{"line":18,"column":24},"end":{"line":18,"column":36}}]},"3":{"loc":{"start":{"line":24,"column":4},"end":{"line":26,"column":5}},"type":"if","locations":[{"start":{"line":24,"column":4},"end":{"line":26,"column":5}}]}},"s":{"0":3,"1":3,"2":3,"3":3,"4":5,"5":5,"6":5,"7":5,"8":5,"9":3,"10":2,"11":3,"12":4,"13":4,"14":2,"15":3,"16":16,"17":4,"18":2,"19":3,"20":3},"f":{"0":3,"1":5,"2":4,"3":16},"b":{"0":[3],"1":[2],"2":[4,2],"3":[2]}}
,"C:\\Users\\npike\\Desktop\\All\\University\\Assignment Final Drafts\\Leave-Booking-API-OOP\\src\\routes\\LoginRouter.ts": {"path":"C:\\Users\\npike\\Desktop\\All\\University\\Assignment Final Drafts\\Leave-Booking-API-OOP\\src\\routes\\LoginRouter.ts","statementMap":{"0":{"start":{"line":4,"column":0},"end":{"line":4,"column":13}},"1":{"start":{"line":6,"column":12},"end":{"line":6,"column":26}},"2":{"start":{"line":7,"column":12},"end":{"line":7,"column":44}},"3":{"start":{"line":9,"column":4},"end":{"line":9,"column":21}},"4":{"start":{"line":12,"column":9},"end":{"line":14,"column":null}},"5":{"start":{"line":13,"column":4},"end":{"line":13,"column":23}},"6":{"start":{"line":15,"column":10},"end":{"line":17,"column":null}},"7":{"start":{"line":16,"column":4},"end":{"line":16,"column":54}},"8":{"start":{"line":18,"column":0},"end":{"line":18,"column":null}},"9":{"start":{"line":4,"column":13},"end":{"line":4,"column":24}}},"fnMap":{"0":{"name":"(anonymous_0)","decl":{"start":{"line":4,"column":0},"end":{"line":4,"column":13}},"loc":{"start":{"line":4,"column":0},"end":{"line":18,"column":null}}},"1":{"name":"LoginRouter","decl":{"start":{"line":5,"column":2},"end":{"line":5,"column":null}},"loc":{"start":{"line":7,"column":44},"end":{"line":10,"column":3}}},"2":{"name":"(anonymous_2)","decl":{"start":{"line":12,"column":2},"end":{"line":12,"column":9}},"loc":{"start":{"line":12,"column":2},"end":{"line":14,"column":3}}},"3":{"name":"(anonymous_3)","decl":{"start":{"line":15,"column":2},"end":{"line":15,"column":10}},"loc":{"start":{"line":15,"column":2},"end":{"line":17,"column":3}}}},"branchMap":{},"s":{"0":1,"1":1,"2":1,"3":1,"4":1,"5":1,"6":1,"7":1,"8":1,"9":1},"f":{"0":1,"1":1,"2":1,"3":1},"b":{}}
,"C:\\Users\\npike\\Desktop\\All\\University\\Assignment Final Drafts\\Leave-Booking-API-OOP\\src\\routes\\RoleRouter.ts": {"path":"C:\\Users\\npike\\Desktop\\All\\University\\Assignment Final Drafts\\Leave-Booking-API-OOP\\src\\routes\\RoleRouter.ts","statementMap":{"0":{"start":{"line":4,"column":0},"end":{"line":4,"column":13}},"1":{"start":{"line":9,"column":4},"end":{"line":9,"column":25}},"2":{"start":{"line":10,"column":4},"end":{"line":10,"column":41}},"3":{"start":{"line":11,"column":4},"end":{"line":11,"column":21}},"4":{"start":{"line":13,"column":9},"end":{"line":15,"column":null}},"5":{"start":{"line":14,"column":4},"end":{"line":14,"column":23}},"6":{"start":{"line":16,"column":10},"end":{"line":18,"column":null}},"7":{"start":{"line":17,"column":4},"end":{"line":17,"column":53}},"8":{"start":{"line":19,"column":0},"end":{"line":19,"column":null}},"9":{"start":{"line":4,"column":13},"end":{"line":4,"column":23}}},"fnMap":{"0":{"name":"(anonymous_0)","decl":{"start":{"line":4,"column":0},"end":{"line":4,"column":13}},"loc":{"start":{"line":4,"column":0},"end":{"line":19,"column":null}}},"1":{"name":"RoleRouter","decl":{"start":{"line":8,"column":2},"end":{"line":8,"column":14}},"loc":{"start":{"line":8,"column":60},"end":{"line":12,"column":3}}},"2":{"name":"(anonymous_2)","decl":{"start":{"line":13,"column":2},"end":{"line":13,"column":9}},"loc":{"start":{"line":13,"column":2},"end":{"line":15,"column":3}}},"3":{"name":"(anonymous_3)","decl":{"start":{"line":16,"column":2},"end":{"line":16,"column":10}},"loc":{"start":{"line":16,"column":2},"end":{"line":18,"column":3}}}},"branchMap":{},"s":{"0":1,"1":1,"2":1,"3":1,"4":1,"5":1,"6":1,"7":1,"8":1,"9":1},"f":{"0":1,"1":1,"2":1,"3":1},"b":{}}
,"C:\\Users\\npike\\Desktop\\All\\University\\Assignment Final Drafts\\Leave-Booking-API-OOP\\src\\routes\\UserRouter.ts": {"path":"C:\\Users\\npike\\Desktop\\All\\University\\Assignment Final Drafts\\Leave-Booking-API-OOP\\src\\routes\\UserRouter.ts","statementMap":{"0":{"start":{"line":4,"column":0},"end":{"line":4,"column":13}},"1":{"start":{"line":6,"column":12},"end":{"line":6,"column":26}},"2":{"start":{"line":7,"column":12},"end":{"line":7,"column":42}},"3":{"start":{"line":9,"column":4},"end":{"line":9,"column":25}},"4":{"start":{"line":10,"column":4},"end":{"line":10,"column":21}},"5":{"start":{"line":13,"column":9},"end":{"line":15,"column":null}},"6":{"start":{"line":14,"column":4},"end":{"line":14,"column":23}},"7":{"start":{"line":17,"column":10},"end":{"line":31,"column":null}},"8":{"start":{"line":19,"column":4},"end":{"line":19,"column":53}},"9":{"start":{"line":20,"column":4},"end":{"line":20,"column":76}},"10":{"start":{"line":21,"column":4},"end":{"line":21,"column":57}},"11":{"start":{"line":24,"column":4},"end":{"line":24,"column":54}},"12":{"start":{"line":27,"column":4},"end":{"line":27,"column":59}},"13":{"start":{"line":30,"column":4},"end":{"line":30,"column":62}},"14":{"start":{"line":32,"column":0},"end":{"line":32,"column":null}},"15":{"start":{"line":4,"column":13},"end":{"line":4,"column":23}}},"fnMap":{"0":{"name":"(anonymous_0)","decl":{"start":{"line":4,"column":0},"end":{"line":4,"column":13}},"loc":{"start":{"line":4,"column":0},"end":{"line":32,"column":null}}},"1":{"name":"UserRouter","decl":{"start":{"line":5,"column":2},"end":{"line":5,"column":null}},"loc":{"start":{"line":7,"column":42},"end":{"line":11,"column":3}}},"2":{"name":"(anonymous_2)","decl":{"start":{"line":13,"column":2},"end":{"line":13,"column":9}},"loc":{"start":{"line":13,"column":2},"end":{"line":15,"column":3}}},"3":{"name":"(anonymous_3)","decl":{"start":{"line":17,"column":2},"end":{"line":17,"column":10}},"loc":{"start":{"line":17,"column":2},"end":{"line":31,"column":3}}}},"branchMap":{},"s":{"0":1,"1":1,"2":1,"3":1,"4":1,"5":1,"6":1,"7":1,"8":1,"9":1,"10":1,"11":1,"12":1,"13":1,"14":1,"15":1},"f":{"0":1,"1":1,"2":1,"3":1},"b":{}}
}
