TN:
SF:src\data-source.ts
FNF:0
FNH:0
DA:1,3
DA:2,3
DA:3,3
DA:4,3
DA:5,3
DA:6,3
DA:8,3
DA:9,3
DA:11,3
LF:9
LH:9
BRDA:8,0,0,3
BRDA:8,0,1,0
BRF:2
BRH:1
end_of_record
TN:
SF:src\controllers\BaseController.ts
FN:5,(anonymous_0)
FN:6,(anonymous_2)
FNF:2
FNH:2
FNDA:42,(anonymous_0)
FNDA:22,(anonymous_2)
DA:2,3
DA:3,3
DA:5,3
DA:6,44
DA:7,22
DA:9,3
LF:6
LH:6
BRDA:6,0,0,22
BRDA:7,1,0,22
BRDA:7,1,1,0
BRF:3
BRH:2
end_of_record
TN:
SF:src\controllers\LeaveController.ts
FN:14,calculateNumberOfDays
FN:19,(anonymous_20)
FN:22,LeaveController
FN:27,(anonymous_22)
FN:27,(anonymous_23)
FN:48,(anonymous_25)
FN:48,(anonymous_26)
FN:77,(anonymous_28)
FN:112,(anonymous_29)
FN:112,(anonymous_30)
FN:151,(anonymous_32)
FN:151,(anonymous_33)
FN:220,(anonymous_35)
FN:220,(anonymous_36)
FN:263,(anonymous_38)
FN:263,(anonymous_39)
FN:294,(anonymous_41)
FN:294,(anonymous_42)
FN:332,(anonymous_44)
FN:332,(anonymous_45)
FN:360,(anonymous_47)
FN:378,(anonymous_48)
FN:378,(anonymous_49)
FN:400,(anonymous_51)
FN:400,(anonymous_52)
FNF:25
FNH:18
FNDA:0,calculateNumberOfDays
FNDA:1,(anonymous_20)
FNDA:23,LeaveController
FNDA:3,(anonymous_22)
FNDA:3,(anonymous_23)
FNDA:4,(anonymous_25)
FNDA:4,(anonymous_26)
FNDA:0,(anonymous_28)
FNDA:2,(anonymous_29)
FNDA:2,(anonymous_30)
FNDA:0,(anonymous_32)
FNDA:0,(anonymous_33)
FNDA:2,(anonymous_35)
FNDA:2,(anonymous_36)
FNDA:4,(anonymous_38)
FNDA:4,(anonymous_39)
FNDA:4,(anonymous_41)
FNDA:4,(anonymous_42)
FNDA:4,(anonymous_44)
FNDA:4,(anonymous_45)
FNDA:0,(anonymous_47)
FNDA:1,(anonymous_48)
FNDA:1,(anonymous_49)
FNDA:0,(anonymous_51)
FNDA:0,(anonymous_52)
DA:2,1
DA:3,1
DA:4,1
DA:5,1
DA:6,1
DA:7,1
DA:8,1
DA:9,1
DA:10,1
DA:15,0
DA:16,0
DA:19,1
DA:23,23
DA:24,23
DA:27,23
DA:29,3
DA:32,3
DA:34,1
DA:35,0
DA:36,0
DA:37,0
DA:38,0
DA:39,0
DA:41,0
DA:43,0
DA:45,3
DA:48,23
DA:50,4
DA:54,2
DA:56,1
DA:57,1
DA:59,0
DA:62,1
DA:68,1
DA:70,1
DA:73,0
DA:77,0
DA:79,0
DA:80,0
DA:85,0
DA:87,0
DA:88,0
DA:89,0
DA:92,0
DA:93,0
DA:96,0
DA:98,0
DA:102,0
DA:109,3
DA:112,23
DA:115,2
DA:117,1
DA:118,1
DA:119,0
DA:122,1
DA:128,1
DA:129,1
DA:132,0
DA:138,0
DA:141,0
DA:148,1
DA:151,23
DA:153,0
DA:157,0
DA:159,0
DA:163,0
DA:164,0
DA:167,0
DA:171,0
DA:173,0
DA:183,0
DA:184,0
DA:186,0
DA:190,0
DA:193,0
DA:204,0
DA:205,0
DA:207,0
DA:217,0
DA:220,23
DA:222,2
DA:223,2
DA:224,1
DA:228,1
DA:234,1
DA:235,1
DA:238,0
DA:241,0
DA:243,0
DA:246,0
DA:248,0
DA:249,0
DA:260,0
DA:263,23
DA:265,4
DA:266,1
DA:268,3
DA:269,3
DA:270,3
DA:271,2
DA:273,1
DA:276,1
DA:277,1
DA:280,0
DA:281,0
DA:283,0
DA:291,0
DA:294,23
DA:297,4
DA:298,1
DA:300,3
DA:302,3
DA:303,2
DA:306,1
DA:310,1
DA:311,1
DA:314,0
DA:318,0
DA:319,0
DA:321,0
DA:329,0
DA:332,23
DA:334,4
DA:335,1
DA:337,3
DA:339,3
DA:340,2
DA:343,1
DA:347,1
DA:348,1
DA:351,0
DA:354,0
DA:355,0
DA:359,0
DA:360,0
DA:364,0
DA:365,0
DA:367,0
DA:375,0
DA:378,23
DA:380,1
DA:381,1
DA:384,0
DA:388,0
DA:389,0
DA:391,0
DA:397,0
DA:400,23
DA:402,0
DA:405,0
DA:414,0
DA:415,0
DA:417,0
DA:423,0
DA:431,1
LF:155
LH:75
BRDA:23,0,0,23
BRDA:23,0,1,23
BRDA:38,1,0,0
BRDA:38,1,1,0
BRDA:57,2,0,0
BRDA:68,3,0,1
BRDA:79,4,0,0
BRDA:79,5,0,0
BRDA:79,5,1,0
BRDA:92,6,0,0
BRDA:118,7,0,0
BRDA:128,8,0,1
BRDA:157,9,0,0
BRDA:163,10,0,0
BRDA:171,11,0,0
BRDA:183,12,0,0
BRDA:190,13,0,0
BRDA:204,14,0,0
BRDA:223,15,0,1
BRDA:234,16,0,1
BRDA:241,17,0,0
BRDA:241,18,0,0
BRDA:241,18,1,0
BRDA:241,18,2,0
BRDA:265,19,0,1
BRDA:270,20,0,2
BRDA:270,21,0,3
BRDA:270,21,1,2
BRDA:276,22,0,1
BRDA:297,23,0,1
BRDA:302,24,0,2
BRDA:302,25,0,3
BRDA:302,25,1,2
BRDA:310,26,0,1
BRDA:318,27,0,0
BRDA:334,28,0,1
BRDA:339,29,0,2
BRDA:339,30,0,3
BRDA:339,30,1,2
BRDA:347,31,0,1
BRDA:354,32,0,0
BRDA:364,33,0,0
BRDA:380,34,0,1
BRDA:388,35,0,0
BRDA:414,36,0,0
BRF:45
BRH:22
end_of_record
TN:
SF:src\controllers\RoleController.ts
FN:11,(anonymous_19)
FN:15,RoleController
FN:21,(anonymous_21)
FN:21,(anonymous_22)
FNF:4
FNH:4
FNDA:1,(anonymous_19)
FNDA:1,RoleController
FNDA:1,(anonymous_21)
FNDA:1,(anonymous_22)
DA:2,1
DA:4,1
DA:5,1
DA:6,1
DA:8,1
DA:9,1
DA:11,1
DA:16,1
DA:17,1
DA:21,1
DA:24,1
DA:25,0
DA:26,0
DA:27,0
DA:28,0
DA:30,0
DA:33,1
DA:37,1
LF:18
LH:13
BRDA:16,0,0,1
BRDA:16,0,1,1
BRDA:26,1,0,0
BRF:3
BRH:2
end_of_record
TN:
SF:src\controllers\UserController.ts
FN:13,(anonymous_19)
FN:35,UserController
FN:40,(anonymous_21)
FN:40,(anonymous_22)
FN:58,(anonymous_24)
FN:58,(anonymous_25)
FN:91,(anonymous_27)
FN:91,(anonymous_28)
FN:123,(anonymous_30)
FN:123,(anonymous_31)
FN:140,(anonymous_33)
FN:155,(anonymous_34)
FN:155,(anonymous_35)
FN:173,(anonymous_37)
FN:173,(anonymous_38)
FN:17,(anonymous_40)
FN:27,(anonymous_41)
FN:29,(anonymous_42)
FN:31,(anonymous_43)
FNF:19
FNH:14
FNDA:1,(anonymous_19)
FNDA:15,UserController
FNDA:2,(anonymous_21)
FNDA:2,(anonymous_22)
FNDA:3,(anonymous_24)
FNDA:3,(anonymous_25)
FNDA:3,(anonymous_27)
FNDA:3,(anonymous_28)
FNDA:2,(anonymous_30)
FNDA:2,(anonymous_31)
FNDA:0,(anonymous_33)
FNDA:2,(anonymous_34)
FNDA:2,(anonymous_35)
FNDA:3,(anonymous_37)
FNDA:3,(anonymous_38)
FNDA:0,(anonymous_40)
FNDA:0,(anonymous_41)
FNDA:0,(anonymous_42)
FNDA:0,(anonymous_43)
DA:2,1
DA:3,1
DA:5,1
DA:6,1
DA:7,1
DA:8,1
DA:9,1
DA:10,1
DA:11,1
DA:13,1
DA:14,1
DA:15,1
DA:16,1
DA:17,1
DA:18,0
DA:19,1
DA:20,1
DA:22,1
DA:24,1
DA:26,1
DA:27,1
DA:28,0
DA:29,1
DA:30,0
DA:31,1
DA:32,0
DA:33,1
DA:36,15
DA:37,15
DA:40,15
DA:42,2
DA:43,0
DA:47,0
DA:48,0
DA:49,0
DA:52,0
DA:54,2
DA:58,15
DA:62,3
DA:63,0
DA:65,0
DA:66,0
DA:71,0
DA:73,0
DA:77,0
DA:78,0
DA:83,0
DA:86,0
DA:88,3
DA:91,15
DA:95,3
DA:96,0
DA:97,0
DA:98,0
DA:103,0
DA:105,0
DA:109,0
DA:110,0
DA:115,0
DA:118,0
DA:120,3
DA:123,15
DA:125,2
DA:127,0
DA:128,0
DA:129,0
DA:130,0
DA:131,0
DA:132,0
DA:133,0
DA:136,0
DA:137,0
DA:139,0
DA:140,0
DA:144,0
DA:146,0
DA:152,2
DA:155,15
DA:156,2
DA:158,2
DA:160,0
DA:161,0
DA:163,0
DA:164,0
DA:165,0
DA:167,0
DA:169,2
DA:173,15
DA:176,3
DA:178,2
DA:179,2
DA:182,1
DA:183,1
DA:186,0
DA:187,0
DA:188,0
DA:189,0
DA:192,0
DA:193,0
DA:194,0
DA:199,2
DA:202,1
LF:102
LH:49
BRDA:36,0,0,15
BRDA:36,0,1,15
BRDA:47,1,0,0
BRDA:65,2,0,0
BRDA:65,3,0,0
BRDA:65,3,1,0
BRDA:77,4,0,0
BRDA:97,5,0,0
BRDA:109,6,0,0
BRDA:137,7,0,0
BRDA:140,8,0,0
BRDA:140,8,1,0
BRDA:160,9,0,0
BRDA:164,10,0,0
BRDA:182,11,0,1
BRDA:188,12,0,0
BRF:16
BRH:3
end_of_record
TN:
SF:src\entity\LeaveRequest.ts
FN:13,(anonymous_2)
FN:17,(anonymous_4)
FNF:2
FNH:1
FNDA:5,(anonymous_2)
FNDA:0,(anonymous_4)
DA:1,4
DA:10,4
DA:13,4
DA:15,4
DA:17,0
DA:18,4
DA:21,4
DA:24,4
DA:27,4
DA:30,4
DA:33,4
DA:36,4
DA:37,4
LF:13
LH:12
BRF:0
BRH:0
end_of_record
TN:
SF:src\entity\Role.ts
FN:5,(anonymous_2)
FNF:1
FNH:1
FNDA:17,(anonymous_2)
DA:1,6
DA:2,6
DA:5,6
DA:7,6
DA:13,6
DA:14,6
LF:6
LH:6
BRF:0
BRH:0
end_of_record
TN:
SF:src\entity\User.ts
FN:22,(anonymous_2)
FN:69,(anonymous_4)
FN:81,(anonymous_5)
FN:48,(anonymous_6)
FN:52,(anonymous_7)
FNF:5
FNH:1
FNDA:14,(anonymous_2)
FNDA:0,(anonymous_4)
FNDA:0,(anonymous_5)
FNDA:0,(anonymous_6)
FNDA:0,(anonymous_7)
DA:1,5
DA:8,5
DA:17,5
DA:18,5
DA:19,5
DA:22,5
DA:24,5
DA:28,5
DA:32,5
DA:38,5
DA:42,5
DA:46,5
DA:48,0
DA:50,5
DA:52,0
DA:53,5
DA:59,5
DA:65,5
DA:69,10
DA:70,0
DA:71,0
DA:73,0
DA:76,0
DA:77,0
DA:81,10
DA:82,0
DA:83,0
DA:86,5
LF:28
LH:19
BRDA:70,0,0,0
BRDA:82,1,0,0
BRDA:82,2,0,0
BRDA:82,2,1,0
BRDA:83,3,0,0
BRDA:83,3,1,0
BRDA:83,4,0,0
BRDA:83,4,1,0
BRF:8
BRH:0
end_of_record
TN:
SF:src\helper\LeaveHelper.ts
FN:1,(anonymous_0)
FN:2,(anonymous_2)
FNF:2
FNH:2
FNDA:1,(anonymous_0)
FNDA:3,(anonymous_2)
DA:1,1
DA:2,1
DA:3,3
DA:4,3
DA:5,3
DA:7,3
DA:8,0
DA:10,3
DA:11,1
DA:13,2
DA:14,1
DA:17,1
LF:12
LH:11
BRDA:7,0,0,0
BRDA:7,1,0,3
BRDA:7,1,1,3
BRDA:10,2,0,1
BRDA:13,3,0,1
BRF:5
BRH:4
end_of_record
TN:
SF:src\helper\Logger.ts
FN:2,(anonymous_9)
FN:19,(anonymous_11)
FN:22,(anonymous_12)
FN:25,(anonymous_13)
FN:28,(anonymous_14)
FN:31,(anonymous_15)
FNF:6
FNH:2
FNDA:4,(anonymous_9)
FNDA:0,(anonymous_11)
FNDA:9,(anonymous_12)
FNDA:0,(anonymous_13)
FNDA:0,(anonymous_14)
FNDA:0,(anonymous_15)
DA:1,4
DA:2,4
DA:3,4
DA:19,4
DA:20,0
DA:22,4
DA:23,9
DA:25,4
DA:26,0
DA:28,4
DA:29,0
DA:31,4
DA:32,0
DA:34,4
LF:14
LH:10
BRDA:4,0,0,0
BRDA:4,0,1,4
BRF:2
BRH:1
end_of_record
TN:
SF:src\helper\PasswordHandler.ts
FN:3,(anonymous_0)
FN:8,(anonymous_2)
FN:20,(anonymous_3)
FNF:3
FNH:3
FNDA:6,(anonymous_0)
FNDA:2,(anonymous_2)
FNDA:2,(anonymous_3)
DA:1,6
DA:3,6
DA:4,6
DA:5,6
DA:6,6
DA:8,6
DA:9,2
DA:11,2
DA:17,2
DA:20,6
DA:25,2
DA:30,2
DA:35,6
LF:13
LH:13
BRF:0
BRH:0
end_of_record
TN:
SF:src\helper\ResponseHandler.ts
FN:4,(anonymous_0)
FNF:1
FNH:1
FNDA:4,(anonymous_0)
DA:2,4
DA:3,4
DA:4,4
DA:5,4
DA:8,9
DA:11,9
DA:12,9
DA:13,9
DA:21,9
DA:23,4
DA:25,1
DA:26,1
DA:29,1
DA:33,1
DA:35,4
LF:15
LH:15
BRDA:8,0,0,0
BRDA:25,1,0,0
BRDA:26,2,0,0
BRF:3
BRH:0
end_of_record
TN:
SF:src\helper\UserHelper.ts
FN:5,(anonymous_13)
FN:6,(anonymous_15)
FN:16,(anonymous_18)
FN:22,(anonymous_19)
FNF:4
FNH:4
FNDA:3,(anonymous_13)
FNDA:5,(anonymous_15)
FNDA:4,(anonymous_18)
FNDA:16,(anonymous_19)
DA:1,3
DA:2,3
DA:5,3
DA:6,3
DA:7,5
DA:8,5
DA:9,5
DA:10,5
DA:11,3
DA:13,2
DA:16,3
DA:17,4
DA:18,4
DA:19,2
DA:22,3
DA:23,16
DA:24,4
DA:25,2
DA:28,3
LF:19
LH:19
BRDA:10,0,0,3
BRDA:18,1,0,2
BRDA:18,2,0,4
BRDA:18,2,1,2
BRDA:24,3,0,2
BRF:5
BRH:5
end_of_record
TN:
SF:src\routes\LoginRouter.ts
FN:4,(anonymous_0)
FN:5,LoginRouter
FN:12,(anonymous_2)
FN:15,(anonymous_3)
FNF:4
FNH:4
FNDA:1,(anonymous_0)
FNDA:1,LoginRouter
FNDA:1,(anonymous_2)
FNDA:1,(anonymous_3)
DA:4,1
DA:6,1
DA:7,1
DA:9,1
DA:12,1
DA:13,1
DA:15,1
DA:16,1
DA:18,1
LF:9
LH:9
BRF:0
BRH:0
end_of_record
TN:
SF:src\routes\RoleRouter.ts
FN:4,(anonymous_0)
FN:8,RoleRouter
FN:13,(anonymous_2)
FN:16,(anonymous_3)
FNF:4
FNH:4
FNDA:1,(anonymous_0)
FNDA:1,RoleRouter
FNDA:1,(anonymous_2)
FNDA:1,(anonymous_3)
DA:4,1
DA:9,1
DA:10,1
DA:11,1
DA:13,1
DA:14,1
DA:16,1
DA:17,1
DA:19,1
LF:9
LH:9
BRF:0
BRH:0
end_of_record
TN:
SF:src\routes\UserRouter.ts
FN:4,(anonymous_0)
FN:5,UserRouter
FN:13,(anonymous_2)
FN:17,(anonymous_3)
FNF:4
FNH:4
FNDA:1,(anonymous_0)
FNDA:1,UserRouter
FNDA:1,(anonymous_2)
FNDA:1,(anonymous_3)
DA:4,1
DA:6,1
DA:7,1
DA:9,1
DA:10,1
DA:13,1
DA:14,1
DA:17,1
DA:19,1
DA:20,1
DA:21,1
DA:24,1
DA:27,1
DA:30,1
DA:32,1
LF:15
LH:15
BRF:0
BRH:0
end_of_record
